-------------------------------------------------------------------------------
Test set: es.uma.informatica.daw.tutorialtesting.AplicacionTests$ListaVacia
-------------------------------------------------------------------------------
Tests run: 5, Failures: 0, Errors: 0, Skipped: 0, Time elapsed: 3.389 s -- in es.uma.informatica.daw.tutorialtesting.AplicacionTests$ListaVacia
es.uma.informatica.daw.tutorialtesting.AplicacionTests$ListaVacia.devuelveErrorAlConsultarProyecto -- Time elapsed: 0.059 s
es.uma.informatica.daw.tutorialtesting.AplicacionTests$ListaVacia.devuelveLista -- Time elapsed: 0.051 s
es.uma.informatica.daw.tutorialtesting.AplicacionTests$ListaVacia.insertaProyecto -- Time elapsed: 0.057 s
es.uma.informatica.daw.tutorialtesting.AplicacionTests$ListaVacia.devuelveErrorAlEliminarProyecto -- Time elapsed: 0.063 s
es.uma.informatica.daw.tutorialtesting.AplicacionTests$ListaVacia.devuelveErrorAlModificarProyecto -- Time elapsed: 0.063 s
