<?xml version="1.0" encoding="UTF-8"?>
<testsuite xmlns:xsi="http://www.w3.org/2001/XMLSchema-instance" xsi:noNamespaceSchemaLocation="https://maven.apache.org/surefire/maven-surefire-plugin/xsd/surefire-test-report.xsd" version="3.0.2" name="es.uma.informatica.daw.tutorialtesting.AplicacionTests$ListaVacia" time="3.389" tests="5" errors="0" skipped="0" failures="0">
  <properties>
[...]
</properties>
  <testcase name="devuelveErrorAlConsultarProyecto" classname="es.uma.informatica.daw.tutorialtesting.AplicacionTests$ListaVacia" time="0.059">
    <system-out><![CDATA[2026-04-26T11:50:48.344+02:00  INFO 52783 --- [           main] t.c.s.AnnotationConfigContextLoaderUtils : Could not detect default configuration classes for test class [es.uma.informatica.daw.tutorialtesting.AplicacionTests$ListaVacia]: ListaVacia does not declare any static, non-private, non-final, nested classes annotated with @Configuration.
2026-04-26T11:50:48.349+02:00  INFO 52783 --- [           main] .b.t.c.SpringBootTestContextBootstrapper : Found @SpringBootConfiguration es.uma.informatica.daw.tutorialtesting.Aplicacion for test class es.uma.informatica.daw.tutorialtesting.AplicacionTests$ListaVacia

  .   ____          _            __ _ _
 /\\ / ___'_ __ _ _(_)_ __  __ _ \ \ \ \
( ( )\___ | '_ | '_| | '_ \/ _` | \ \ \ \
 \\/  ___)| |_)| | | | | || (_| |  ) ) ) )
  '  |____| .__|_| |_|_| |_\__, | / / / /
 =========|_|==============|___/=/_/_/_/

 :: Spring Boot ::                (v3.3.5)

2026-04-26T11:50:48.399+02:00  INFO 52783 --- [           main] e.u.i.d.tutorialtesting.AplicacionTests  : Starting AplicacionTests using Java 22.0.2 with PID 52783 (started by ivan in /home/ivan/Documents/3o/DAW/clase/planificacion/codigo inicial)
2026-04-26T11:50:48.399+02:00  INFO 52783 --- [           main] e.u.i.d.tutorialtesting.AplicacionTests  : No active profile set, falling back to 1 default profile: "default"
2026-04-26T11:50:48.600+02:00  INFO 52783 --- [           main] .s.d.r.c.RepositoryConfigurationDelegate : Bootstrapping Spring Data JPA repositories in DEFAULT mode.
2026-04-26T11:50:48.605+02:00  INFO 52783 --- [           main] .s.d.r.c.RepositoryConfigurationDelegate : Finished Spring Data repository scanning in 5 ms. Found 1 JPA repository interface.
2026-04-26T11:50:48.695+02:00  INFO 52783 --- [           main] o.s.b.w.embedded.tomcat.TomcatWebServer  : Tomcat initialized with port 0 (http)
2026-04-26T11:50:48.696+02:00  INFO 52783 --- [           main] o.apache.catalina.core.StandardService   : Starting service [Tomcat]
2026-04-26T11:50:48.697+02:00  INFO 52783 --- [           main] o.apache.catalina.core.StandardEngine    : Starting Servlet engine: [Apache Tomcat/10.1.31]
2026-04-26T11:50:48.710+02:00  INFO 52783 --- [           main] o.a.c.c.C.[Tomcat].[localhost].[/]       : Initializing Spring embedded WebApplicationContext
2026-04-26T11:50:48.710+02:00  INFO 52783 --- [           main] w.s.c.ServletWebServerApplicationContext : Root WebApplicationContext: initialization completed in 308 ms
2026-04-26T11:50:48.726+02:00  INFO 52783 --- [           main] com.zaxxer.hikari.HikariDataSource       : HikariPool-3 - Starting...
2026-04-26T11:50:48.731+02:00  INFO 52783 --- [           main] com.zaxxer.hikari.pool.HikariPool        : HikariPool-3 - Added connection conn20: url=jdbc:h2:mem:dcbapp user=SA
2026-04-26T11:50:48.731+02:00  INFO 52783 --- [           main] com.zaxxer.hikari.HikariDataSource       : HikariPool-3 - Start completed.
2026-04-26T11:50:48.732+02:00  INFO 52783 --- [           main] o.s.b.a.h2.H2ConsoleAutoConfiguration    : H2 console available at '/h2-console'. Database available at 'jdbc:h2:mem:dcbapp'
2026-04-26T11:50:48.764+02:00  INFO 52783 --- [           main] o.hibernate.jpa.internal.util.LogHelper  : HHH000204: Processing PersistenceUnitInfo [name: default]
2026-04-26T11:50:48.766+02:00  INFO 52783 --- [           main] o.h.c.internal.RegionFactoryInitiator    : HHH000026: Second-level cache disabled
2026-04-26T11:50:48.775+02:00  INFO 52783 --- [           main] o.s.o.j.p.SpringPersistenceUnitInfo      : No LoadTimeWeaver setup: ignoring JPA class transformer
2026-04-26T11:50:48.776+02:00  WARN 52783 --- [           main] org.hibernate.orm.deprecation            : HHH90000025: H2Dialect does not need to be specified explicitly using 'hibernate.dialect' (remove the property setting and it will be selected by default)
2026-04-26T11:50:48.846+02:00  INFO 52783 --- [           main] o.h.e.t.j.p.i.JtaPlatformInitiator       : HHH000489: No JTA platform available (set 'hibernate.transaction.jta.platform' to enable JTA platform integration)
2026-04-26T11:50:48.852+02:00  INFO 52783 --- [           main] j.LocalContainerEntityManagerFactoryBean : Initialized JPA EntityManagerFactory for persistence unit 'default'
2026-04-26T11:50:48.920+02:00  WARN 52783 --- [           main] JpaBaseConfiguration$JpaWebConfiguration : spring.jpa.open-in-view is enabled by default. Therefore, database queries may be performed during view rendering. Explicitly configure spring.jpa.open-in-view to disable this warning
2026-04-26T11:50:49.070+02:00  INFO 52783 --- [           main] o.s.b.w.embedded.tomcat.TomcatWebServer  : Tomcat started on port 45027 (http) with context path '/'
2026-04-26T11:50:49.074+02:00  INFO 52783 --- [           main] e.u.i.d.tutorialtesting.AplicacionTests  : Started AplicacionTests in 0.719 seconds (process running for 14.325)
2026-04-26T11:50:49.101+02:00  INFO 52783 --- [o-auto-3-exec-1] o.a.c.c.C.[Tomcat].[localhost].[/]       : Initializing Spring DispatcherServlet 'dispatcherServlet'
2026-04-26T11:50:49.101+02:00  INFO 52783 --- [o-auto-3-exec-1] o.s.web.servlet.DispatcherServlet        : Initializing Servlet 'dispatcherServlet'
2026-04-26T11:50:49.102+02:00  INFO 52783 --- [o-auto-3-exec-1] o.s.web.servlet.DispatcherServlet        : Completed initialization in 1 ms
2026-04-26T11:50:49.126+02:00  INFO 52783 --- [           main] j.LocalContainerEntityManagerFactoryBean : Closing JPA EntityManagerFactory for persistence unit 'default'
2026-04-26T11:50:49.131+02:00  INFO 52783 --- [           main] com.zaxxer.hikari.HikariDataSource       : HikariPool-3 - Shutdown initiated...
2026-04-26T11:50:49.132+02:00  INFO 52783 --- [           main] com.zaxxer.hikari.HikariDataSource       : HikariPool-3 - Shutdown completed.
]]></system-out>
  </testcase>
  <testcase name="devuelveLista" classname="es.uma.informatica.daw.tutorialtesting.AplicacionTests$ListaVacia" time="0.051">
    <system-out><![CDATA[
  .   ____          _            __ _ _
 /\\ / ___'_ __ _ _(_)_ __  __ _ \ \ \ \
( ( )\___ | '_ | '_| | '_ \/ _` | \ \ \ \
 \\/  ___)| |_)| | | | | || (_| |  ) ) ) )
  '  |____| .__|_| |_|_| |_\__, | / / / /
 =========|_|==============|___/=/_/_/_/

 :: Spring Boot ::                (v3.3.5)

2026-04-26T11:50:49.174+02:00  INFO 52783 --- [           main] e.u.i.d.tutorialtesting.AplicacionTests  : Starting AplicacionTests using Java 22.0.2 with PID 52783 (started by ivan in /home/ivan/Documents/3o/DAW/clase/planificacion/codigo inicial)
2026-04-26T11:50:49.175+02:00  INFO 52783 --- [           main] e.u.i.d.tutorialtesting.AplicacionTests  : No active profile set, falling back to 1 default profile: "default"
2026-04-26T11:50:49.359+02:00  INFO 52783 --- [           main] .s.d.r.c.RepositoryConfigurationDelegate : Bootstrapping Spring Data JPA repositories in DEFAULT mode.
2026-04-26T11:50:49.370+02:00  INFO 52783 --- [           main] .s.d.r.c.RepositoryConfigurationDelegate : Finished Spring Data repository scanning in 9 ms. Found 1 JPA repository interface.
2026-04-26T11:50:49.460+02:00  INFO 52783 --- [           main] o.s.b.w.embedded.tomcat.TomcatWebServer  : Tomcat initialized with port 0 (http)
2026-04-26T11:50:49.461+02:00  INFO 52783 --- [           main] o.apache.catalina.core.StandardService   : Starting service [Tomcat]
2026-04-26T11:50:49.461+02:00  INFO 52783 --- [           main] o.apache.catalina.core.StandardEngine    : Starting Servlet engine: [Apache Tomcat/10.1.31]
2026-04-26T11:50:49.471+02:00  INFO 52783 --- [           main] o.a.c.c.C.[Tomcat].[localhost].[/]       : Initializing Spring embedded WebApplicationContext
2026-04-26T11:50:49.471+02:00  INFO 52783 --- [           main] w.s.c.ServletWebServerApplicationContext : Root WebApplicationContext: initialization completed in 294 ms
2026-04-26T11:50:49.481+02:00  INFO 52783 --- [           main] com.zaxxer.hikari.HikariDataSource       : HikariPool-4 - Starting...
2026-04-26T11:50:49.484+02:00  INFO 52783 --- [           main] com.zaxxer.hikari.pool.HikariPool        : HikariPool-4 - Added connection conn30: url=jdbc:h2:mem:dcbapp user=SA
2026-04-26T11:50:49.484+02:00  INFO 52783 --- [           main] com.zaxxer.hikari.HikariDataSource       : HikariPool-4 - Start completed.
2026-04-26T11:50:49.484+02:00  INFO 52783 --- [           main] o.s.b.a.h2.H2ConsoleAutoConfiguration    : H2 console available at '/h2-console'. Database available at 'jdbc:h2:mem:dcbapp'
2026-04-26T11:50:49.503+02:00  INFO 52783 --- [           main] o.hibernate.jpa.internal.util.LogHelper  : HHH000204: Processing PersistenceUnitInfo [name: default]
2026-04-26T11:50:49.505+02:00  INFO 52783 --- [           main] o.h.c.internal.RegionFactoryInitiator    : HHH000026: Second-level cache disabled
2026-04-26T11:50:49.516+02:00  INFO 52783 --- [           main] o.s.o.j.p.SpringPersistenceUnitInfo      : No LoadTimeWeaver setup: ignoring JPA class transformer
2026-04-26T11:50:49.517+02:00  WARN 52783 --- [           main] org.hibernate.orm.deprecation            : HHH90000025: H2Dialect does not need to be specified explicitly using 'hibernate.dialect' (remove the property setting and it will be selected by default)
2026-04-26T11:50:49.581+02:00  INFO 52783 --- [           main] o.h.e.t.j.p.i.JtaPlatformInitiator       : HHH000489: No JTA platform available (set 'hibernate.transaction.jta.platform' to enable JTA platform integration)
2026-04-26T11:50:49.586+02:00  INFO 52783 --- [           main] j.LocalContainerEntityManagerFactoryBean : Initialized JPA EntityManagerFactory for persistence unit 'default'
2026-04-26T11:50:49.666+02:00  WARN 52783 --- [           main] JpaBaseConfiguration$JpaWebConfiguration : spring.jpa.open-in-view is enabled by default. Therefore, database queries may be performed during view rendering. Explicitly configure spring.jpa.open-in-view to disable this warning
2026-04-26T11:50:49.810+02:00  INFO 52783 --- [           main] o.s.b.w.embedded.tomcat.TomcatWebServer  : Tomcat started on port 33893 (http) with context path '/'
2026-04-26T11:50:49.819+02:00  INFO 52783 --- [           main] e.u.i.d.tutorialtesting.AplicacionTests  : Started AplicacionTests in 0.678 seconds (process running for 15.07)
2026-04-26T11:50:49.835+02:00  INFO 52783 --- [o-auto-4-exec-1] o.a.c.c.C.[Tomcat].[localhost].[/]       : Initializing Spring DispatcherServlet 'dispatcherServlet'
2026-04-26T11:50:49.835+02:00  INFO 52783 --- [o-auto-4-exec-1] o.s.web.servlet.DispatcherServlet        : Initializing Servlet 'dispatcherServlet'
2026-04-26T11:50:49.836+02:00  INFO 52783 --- [o-auto-4-exec-1] o.s.web.servlet.DispatcherServlet        : Completed initialization in 1 ms
2026-04-26T11:50:49.851+02:00  INFO 52783 --- [           main] j.LocalContainerEntityManagerFactoryBean : Closing JPA EntityManagerFactory for persistence unit 'default'
2026-04-26T11:50:49.853+02:00  INFO 52783 --- [           main] com.zaxxer.hikari.HikariDataSource       : HikariPool-4 - Shutdown initiated...
2026-04-26T11:50:49.870+02:00  INFO 52783 --- [           main] com.zaxxer.hikari.HikariDataSource       : HikariPool-4 - Shutdown completed.
]]></system-out>
  </testcase>
  <testcase name="insertaProyecto" classname="es.uma.informatica.daw.tutorialtesting.AplicacionTests$ListaVacia" time="0.057">
    <system-out><![CDATA[
  .   ____          _            __ _ _
 /\\ / ___'_ __ _ _(_)_ __  __ _ \ \ \ \
( ( )\___ | '_ | '_| | '_ \/ _` | \ \ \ \
 \\/  ___)| |_)| | | | | || (_| |  ) ) ) )
  '  |____| .__|_| |_|_| |_\__, | / / / /
 =========|_|==============|___/=/_/_/_/

 :: Spring Boot ::                (v3.3.5)

2026-04-26T11:50:49.894+02:00  INFO 52783 --- [           main] e.u.i.d.tutorialtesting.AplicacionTests  : Starting AplicacionTests using Java 22.0.2 with PID 52783 (started by ivan in /home/ivan/Documents/3o/DAW/clase/planificacion/codigo inicial)
2026-04-26T11:50:49.894+02:00  INFO 52783 --- [           main] e.u.i.d.tutorialtesting.AplicacionTests  : No active profile set, falling back to 1 default profile: "default"
2026-04-26T11:50:50.047+02:00  INFO 52783 --- [           main] .s.d.r.c.RepositoryConfigurationDelegate : Bootstrapping Spring Data JPA repositories in DEFAULT mode.
2026-04-26T11:50:50.054+02:00  INFO 52783 --- [           main] .s.d.r.c.RepositoryConfigurationDelegate : Finished Spring Data repository scanning in 6 ms. Found 1 JPA repository interface.
2026-04-26T11:50:50.138+02:00  INFO 52783 --- [           main] o.s.b.w.embedded.tomcat.TomcatWebServer  : Tomcat initialized with port 0 (http)
2026-04-26T11:50:50.139+02:00  INFO 52783 --- [           main] o.apache.catalina.core.StandardService   : Starting service [Tomcat]
2026-04-26T11:50:50.139+02:00  INFO 52783 --- [           main] o.apache.catalina.core.StandardEngine    : Starting Servlet engine: [Apache Tomcat/10.1.31]
2026-04-26T11:50:50.148+02:00  INFO 52783 --- [           main] o.a.c.c.C.[Tomcat].[localhost].[/]       : Initializing Spring embedded WebApplicationContext
2026-04-26T11:50:50.148+02:00  INFO 52783 --- [           main] w.s.c.ServletWebServerApplicationContext : Root WebApplicationContext: initialization completed in 251 ms
2026-04-26T11:50:50.162+02:00  INFO 52783 --- [           main] com.zaxxer.hikari.HikariDataSource       : HikariPool-5 - Starting...
2026-04-26T11:50:50.166+02:00  INFO 52783 --- [           main] com.zaxxer.hikari.pool.HikariPool        : HikariPool-5 - Added connection conn40: url=jdbc:h2:mem:dcbapp user=SA
2026-04-26T11:50:50.167+02:00  INFO 52783 --- [           main] com.zaxxer.hikari.HikariDataSource       : HikariPool-5 - Start completed.
2026-04-26T11:50:50.167+02:00  INFO 52783 --- [           main] o.s.b.a.h2.H2ConsoleAutoConfiguration    : H2 console available at '/h2-console'. Database available at 'jdbc:h2:mem:dcbapp'
2026-04-26T11:50:50.199+02:00  INFO 52783 --- [           main] o.hibernate.jpa.internal.util.LogHelper  : HHH000204: Processing PersistenceUnitInfo [name: default]
2026-04-26T11:50:50.201+02:00  INFO 52783 --- [           main] o.h.c.internal.RegionFactoryInitiator    : HHH000026: Second-level cache disabled
2026-04-26T11:50:50.212+02:00  INFO 52783 --- [           main] o.s.o.j.p.SpringPersistenceUnitInfo      : No LoadTimeWeaver setup: ignoring JPA class transformer
2026-04-26T11:50:50.214+02:00  WARN 52783 --- [           main] org.hibernate.orm.deprecation            : HHH90000025: H2Dialect does not need to be specified explicitly using 'hibernate.dialect' (remove the property setting and it will be selected by default)
2026-04-26T11:50:50.277+02:00  INFO 52783 --- [           main] o.h.e.t.j.p.i.JtaPlatformInitiator       : HHH000489: No JTA platform available (set 'hibernate.transaction.jta.platform' to enable JTA platform integration)
2026-04-26T11:50:50.281+02:00  INFO 52783 --- [           main] j.LocalContainerEntityManagerFactoryBean : Initialized JPA EntityManagerFactory for persistence unit 'default'
2026-04-26T11:50:50.348+02:00  WARN 52783 --- [           main] JpaBaseConfiguration$JpaWebConfiguration : spring.jpa.open-in-view is enabled by default. Therefore, database queries may be performed during view rendering. Explicitly configure spring.jpa.open-in-view to disable this warning
2026-04-26T11:50:50.486+02:00  INFO 52783 --- [           main] o.s.b.w.embedded.tomcat.TomcatWebServer  : Tomcat started on port 43991 (http) with context path '/'
2026-04-26T11:50:50.489+02:00  INFO 52783 --- [           main] e.u.i.d.tutorialtesting.AplicacionTests  : Started AplicacionTests in 0.613 seconds (process running for 15.74)
2026-04-26T11:50:50.509+02:00  INFO 52783 --- [o-auto-5-exec-1] o.a.c.c.C.[Tomcat].[localhost].[/]       : Initializing Spring DispatcherServlet 'dispatcherServlet'
2026-04-26T11:50:50.509+02:00  INFO 52783 --- [o-auto-5-exec-1] o.s.web.servlet.DispatcherServlet        : Initializing Servlet 'dispatcherServlet'
2026-04-26T11:50:50.510+02:00  INFO 52783 --- [o-auto-5-exec-1] o.s.web.servlet.DispatcherServlet        : Completed initialization in 1 ms
2026-04-26T11:50:50.541+02:00  INFO 52783 --- [           main] j.LocalContainerEntityManagerFactoryBean : Closing JPA EntityManagerFactory for persistence unit 'default'
2026-04-26T11:50:50.543+02:00  INFO 52783 --- [           main] com.zaxxer.hikari.HikariDataSource       : HikariPool-5 - Shutdown initiated...
2026-04-26T11:50:50.547+02:00  INFO 52783 --- [           main] com.zaxxer.hikari.HikariDataSource       : HikariPool-5 - Shutdown completed.
]]></system-out>
  </testcase>
  <testcase name="devuelveErrorAlEliminarProyecto" classname="es.uma.informatica.daw.tutorialtesting.AplicacionTests$ListaVacia" time="0.063">
    <system-out><![CDATA[
  .   ____          _            __ _ _
 /\\ / ___'_ __ _ _(_)_ __  __ _ \ \ \ \
( ( )\___ | '_ | '_| | '_ \/ _` | \ \ \ \
 \\/  ___)| |_)| | | | | || (_| |  ) ) ) )
  '  |____| .__|_| |_|_| |_\__, | / / / /
 =========|_|==============|___/=/_/_/_/

 :: Spring Boot ::                (v3.3.5)

2026-04-26T11:50:50.576+02:00  INFO 52783 --- [           main] e.u.i.d.tutorialtesting.AplicacionTests  : Starting AplicacionTests using Java 22.0.2 with PID 52783 (started by ivan in /home/ivan/Documents/3o/DAW/clase/planificacion/codigo inicial)
2026-04-26T11:50:50.576+02:00  INFO 52783 --- [           main] e.u.i.d.tutorialtesting.AplicacionTests  : No active profile set, falling back to 1 default profile: "default"
2026-04-26T11:50:50.737+02:00  INFO 52783 --- [           main] .s.d.r.c.RepositoryConfigurationDelegate : Bootstrapping Spring Data JPA repositories in DEFAULT mode.
2026-04-26T11:50:50.743+02:00  INFO 52783 --- [           main] .s.d.r.c.RepositoryConfigurationDelegate : Finished Spring Data repository scanning in 5 ms. Found 1 JPA repository interface.
2026-04-26T11:50:50.821+02:00  INFO 52783 --- [           main] o.s.b.w.embedded.tomcat.TomcatWebServer  : Tomcat initialized with port 0 (http)
2026-04-26T11:50:50.823+02:00  INFO 52783 --- [           main] o.apache.catalina.core.StandardService   : Starting service [Tomcat]
2026-04-26T11:50:50.823+02:00  INFO 52783 --- [           main] o.apache.catalina.core.StandardEngine    : Starting Servlet engine: [Apache Tomcat/10.1.31]
2026-04-26T11:50:50.833+02:00  INFO 52783 --- [           main] o.a.c.c.C.[Tomcat].[localhost].[/]       : Initializing Spring embedded WebApplicationContext
2026-04-26T11:50:50.834+02:00  INFO 52783 --- [           main] w.s.c.ServletWebServerApplicationContext : Root WebApplicationContext: initialization completed in 256 ms
2026-04-26T11:50:50.846+02:00  INFO 52783 --- [           main] com.zaxxer.hikari.HikariDataSource       : HikariPool-6 - Starting...
2026-04-26T11:50:50.850+02:00  INFO 52783 --- [           main] com.zaxxer.hikari.pool.HikariPool        : HikariPool-6 - Added connection conn50: url=jdbc:h2:mem:dcbapp user=SA
2026-04-26T11:50:50.850+02:00  INFO 52783 --- [           main] com.zaxxer.hikari.HikariDataSource       : HikariPool-6 - Start completed.
2026-04-26T11:50:50.851+02:00  INFO 52783 --- [           main] o.s.b.a.h2.H2ConsoleAutoConfiguration    : H2 console available at '/h2-console'. Database available at 'jdbc:h2:mem:dcbapp'
2026-04-26T11:50:50.874+02:00  INFO 52783 --- [           main] o.hibernate.jpa.internal.util.LogHelper  : HHH000204: Processing PersistenceUnitInfo [name: default]
2026-04-26T11:50:50.876+02:00  INFO 52783 --- [           main] o.h.c.internal.RegionFactoryInitiator    : HHH000026: Second-level cache disabled
2026-04-26T11:50:50.884+02:00  INFO 52783 --- [           main] o.s.o.j.p.SpringPersistenceUnitInfo      : No LoadTimeWeaver setup: ignoring JPA class transformer
2026-04-26T11:50:50.885+02:00  WARN 52783 --- [           main] org.hibernate.orm.deprecation            : HHH90000025: H2Dialect does not need to be specified explicitly using 'hibernate.dialect' (remove the property setting and it will be selected by default)
2026-04-26T11:50:50.933+02:00  INFO 52783 --- [           main] o.h.e.t.j.p.i.JtaPlatformInitiator       : HHH000489: No JTA platform available (set 'hibernate.transaction.jta.platform' to enable JTA platform integration)
2026-04-26T11:50:50.937+02:00  INFO 52783 --- [           main] j.LocalContainerEntityManagerFactoryBean : Initialized JPA EntityManagerFactory for persistence unit 'default'
2026-04-26T11:50:50.977+02:00  WARN 52783 --- [           main] JpaBaseConfiguration$JpaWebConfiguration : spring.jpa.open-in-view is enabled by default. Therefore, database queries may be performed during view rendering. Explicitly configure spring.jpa.open-in-view to disable this warning
2026-04-26T11:50:51.070+02:00  INFO 52783 --- [           main] o.s.b.w.embedded.tomcat.TomcatWebServer  : Tomcat started on port 43021 (http) with context path '/'
2026-04-26T11:50:51.072+02:00  INFO 52783 --- [           main] e.u.i.d.tutorialtesting.AplicacionTests  : Started AplicacionTests in 0.52 seconds (process running for 16.324)
2026-04-26T11:50:51.091+02:00  INFO 52783 --- [o-auto-6-exec-1] o.a.c.c.C.[Tomcat].[localhost].[/]       : Initializing Spring DispatcherServlet 'dispatcherServlet'
2026-04-26T11:50:51.091+02:00  INFO 52783 --- [o-auto-6-exec-1] o.s.web.servlet.DispatcherServlet        : Initializing Servlet 'dispatcherServlet'
2026-04-26T11:50:51.092+02:00  INFO 52783 --- [o-auto-6-exec-1] o.s.web.servlet.DispatcherServlet        : Completed initialization in 1 ms
2026-04-26T11:50:51.110+02:00  INFO 52783 --- [           main] j.LocalContainerEntityManagerFactoryBean : Closing JPA EntityManagerFactory for persistence unit 'default'
2026-04-26T11:50:51.113+02:00  INFO 52783 --- [           main] com.zaxxer.hikari.HikariDataSource       : HikariPool-6 - Shutdown initiated...
2026-04-26T11:50:51.136+02:00  INFO 52783 --- [           main] com.zaxxer.hikari.HikariDataSource       : HikariPool-6 - Shutdown completed.
]]></system-out>
  </testcase>
  <testcase name="devuelveErrorAlModificarProyecto" classname="es.uma.informatica.daw.tutorialtesting.AplicacionTests$ListaVacia" time="0.063">
    <system-out><![CDATA[
  .   ____          _            __ _ _
 /\\ / ___'_ __ _ _(_)_ __  __ _ \ \ \ \
( ( )\___ | '_ | '_| | '_ \/ _` | \ \ \ \
 \\/  ___)| |_)| | | | | || (_| |  ) ) ) )
  '  |____| .__|_| |_|_| |_\__, | / / / /
 =========|_|==============|___/=/_/_/_/

 :: Spring Boot ::                (v3.3.5)

2026-04-26T11:50:51.157+02:00  INFO 52783 --- [           main] e.u.i.d.tutorialtesting.AplicacionTests  : Starting AplicacionTests using Java 22.0.2 with PID 52783 (started by ivan in /home/ivan/Documents/3o/DAW/clase/planificacion/codigo inicial)
2026-04-26T11:50:51.158+02:00  INFO 52783 --- [           main] e.u.i.d.tutorialtesting.AplicacionTests  : No active profile set, falling back to 1 default profile: "default"
2026-04-26T11:50:51.307+02:00  INFO 52783 --- [           main] .s.d.r.c.RepositoryConfigurationDelegate : Bootstrapping Spring Data JPA repositories in DEFAULT mode.
2026-04-26T11:50:51.314+02:00  INFO 52783 --- [           main] .s.d.r.c.RepositoryConfigurationDelegate : Finished Spring Data repository scanning in 6 ms. Found 1 JPA repository interface.
2026-04-26T11:50:51.383+02:00  INFO 52783 --- [           main] o.s.b.w.embedded.tomcat.TomcatWebServer  : Tomcat initialized with port 0 (http)
2026-04-26T11:50:51.384+02:00  INFO 52783 --- [           main] o.apache.catalina.core.StandardService   : Starting service [Tomcat]
2026-04-26T11:50:51.384+02:00  INFO 52783 --- [           main] o.apache.catalina.core.StandardEngine    : Starting Servlet engine: [Apache Tomcat/10.1.31]
2026-04-26T11:50:51.393+02:00  INFO 52783 --- [           main] o.a.c.c.C.[Tomcat].[localhost].[/]       : Initializing Spring embedded WebApplicationContext
2026-04-26T11:50:51.394+02:00  INFO 52783 --- [           main] w.s.c.ServletWebServerApplicationContext : Root WebApplicationContext: initialization completed in 234 ms
2026-04-26T11:50:51.404+02:00  INFO 52783 --- [           main] com.zaxxer.hikari.HikariDataSource       : HikariPool-7 - Starting...
2026-04-26T11:50:51.409+02:00  INFO 52783 --- [           main] com.zaxxer.hikari.pool.HikariPool        : HikariPool-7 - Added connection conn57: url=jdbc:h2:mem:dcbapp user=SA
2026-04-26T11:50:51.409+02:00  INFO 52783 --- [           main] com.zaxxer.hikari.HikariDataSource       : HikariPool-7 - Start completed.
2026-04-26T11:50:51.409+02:00  INFO 52783 --- [           main] o.s.b.a.h2.H2ConsoleAutoConfiguration    : H2 console available at '/h2-console'. Database available at 'jdbc:h2:mem:dcbapp'
2026-04-26T11:50:51.439+02:00  INFO 52783 --- [           main] o.hibernate.jpa.internal.util.LogHelper  : HHH000204: Processing PersistenceUnitInfo [name: default]
2026-04-26T11:50:51.441+02:00  INFO 52783 --- [           main] o.h.c.internal.RegionFactoryInitiator    : HHH000026: Second-level cache disabled
2026-04-26T11:50:51.449+02:00  INFO 52783 --- [           main] o.s.o.j.p.SpringPersistenceUnitInfo      : No LoadTimeWeaver setup: ignoring JPA class transformer
2026-04-26T11:50:51.450+02:00  WARN 52783 --- [           main] org.hibernate.orm.deprecation            : HHH90000025: H2Dialect does not need to be specified explicitly using 'hibernate.dialect' (remove the property setting and it will be selected by default)
2026-04-26T11:50:51.496+02:00  INFO 52783 --- [           main] o.h.e.t.j.p.i.JtaPlatformInitiator       : HHH000489: No JTA platform available (set 'hibernate.transaction.jta.platform' to enable JTA platform integration)
2026-04-26T11:50:51.499+02:00  INFO 52783 --- [           main] j.LocalContainerEntityManagerFactoryBean : Initialized JPA EntityManagerFactory for persistence unit 'default'
2026-04-26T11:50:51.557+02:00  WARN 52783 --- [           main] JpaBaseConfiguration$JpaWebConfiguration : spring.jpa.open-in-view is enabled by default. Therefore, database queries may be performed during view rendering. Explicitly configure spring.jpa.open-in-view to disable this warning
2026-04-26T11:50:51.660+02:00  INFO 52783 --- [           main] o.s.b.w.embedded.tomcat.TomcatWebServer  : Tomcat started on port 37113 (http) with context path '/'
2026-04-26T11:50:51.663+02:00  INFO 52783 --- [           main] e.u.i.d.tutorialtesting.AplicacionTests  : Started AplicacionTests in 0.521 seconds (process running for 16.915)
2026-04-26T11:50:51.681+02:00  INFO 52783 --- [o-auto-7-exec-1] o.a.c.c.C.[Tomcat].[localhost].[/]       : Initializing Spring DispatcherServlet 'dispatcherServlet'
2026-04-26T11:50:51.681+02:00  INFO 52783 --- [o-auto-7-exec-1] o.s.web.servlet.DispatcherServlet        : Initializing Servlet 'dispatcherServlet'
2026-04-26T11:50:51.683+02:00  INFO 52783 --- [o-auto-7-exec-1] o.s.web.servlet.DispatcherServlet        : Completed initialization in 1 ms
2026-04-26T11:50:51.703+02:00  INFO 52783 --- [           main] j.LocalContainerEntityManagerFactoryBean : Closing JPA EntityManagerFactory for persistence unit 'default'
2026-04-26T11:50:51.705+02:00  INFO 52783 --- [           main] com.zaxxer.hikari.HikariDataSource       : HikariPool-7 - Shutdown initiated...
2026-04-26T11:50:51.726+02:00  INFO 52783 --- [           main] com.zaxxer.hikari.HikariDataSource       : HikariPool-7 - Shutdown completed.
]]></system-out>
  </testcase>
</testsuite>