GROUP,PACKAGE,CLASS,INSTRUCTION_MISSED,INSTRUCTION_COVERED,BRANCH_MISSED,BRANCH_COVERED,LINE_MISSED,LINE_COVERED,COMPLEXITY_MISSED,COMPLEXITY_COVERED,METHOD_MISSED,METHOD_COVERED
practica3,es.uma.informatica.daw.tutorialtesting.repositorios,GlobalExceptionHandler,0,6,0,0,0,2,0,2,0,2
practica3,es.uma.informatica.daw.tutorialtesting.controladores,ControladorProyectos,0,66,0,0,0,23,0,6,0,6
practica3,es.uma.informatica.daw.tutorialtesting.entidades,Proyecto,53,38,6,0,14,15,8,8,5,8
practica3,es.uma.informatica.daw.tutorialtesting,Aplicacion,5,3,0,0,2,1,1,1,1,1
practica3,es.uma.informatica.daw.tutorialtesting.dto,ProyectoDTO,0,70,0,0,0,21,0,12,0,12
practica3,es.uma.informatica.daw.tutorialtesting.servicios,LogicaProyectos,0,56,0,4,0,15,0,8,0,6
practica3,es.uma.informatica.daw.tutorialtesting.excepciones,ProyectoNoEncontrado,0,3,0,0,0,1,0,1,0,1
