-------------------------------------------------------------------------------
Test set: es.uma.informatica.daw.tutorialtesting.AplicacionTests$ListaConDatos$EliminarProyectos
-------------------------------------------------------------------------------
Tests run: 4, Failures: 0, Errors: 0, Skipped: 0, Time elapsed: 2.585 s -- in es.uma.informatica.daw.tutorialtesting.AplicacionTests$ListaConDatos$EliminarProyectos
es.uma.informatica.daw.tutorialtesting.AplicacionTests$ListaConDatos.devuelveLista -- Time elapsed: 1.883 s
es.uma.informatica.daw.tutorialtesting.AplicacionTests$ListaConDatos.insertaProyecto -- Time elapsed: 0.146 s
es.uma.informatica.daw.tutorialtesting.AplicacionTests$ListaConDatos$EliminarProyectos.eliminaCorrectamente -- Time elapsed: 0.642 s
es.uma.informatica.daw.tutorialtesting.AplicacionTests$ListaConDatos$EliminarProyectos.errorCuandoNoExiste -- Time elapsed: 0.059 s
