-------------------------------------------------------------------------------
Test set: es.uma.informatica.daw.tutorialtesting.AplicacionTests$ListaConDatos$ObtenerProyectos
-------------------------------------------------------------------------------
Tests run: 2, Failures: 0, Errors: 0, Skipped: 0, Time elapsed: 1.646 s -- in es.uma.informatica.daw.tutorialtesting.AplicacionTests$ListaConDatos$ObtenerProyectos
es.uma.informatica.daw.tutorialtesting.AplicacionTests$ListaConDatos$ObtenerProyectos.errorCuandoProyectoNoExiste -- Time elapsed: 0.068 s
es.uma.informatica.daw.tutorialtesting.AplicacionTests$ListaConDatos$ObtenerProyectos.devuelveProyecto -- Time elapsed: 0.077 s
