-------------------------------------------------------------------------------
Test set: es.uma.informatica.daw.tutorialtesting.AplicacionTests$ListaVacia
-------------------------------------------------------------------------------
Tests run: 5, Failures: 0, Errors: 0, Skipped: 0, Time elapsed: 3.387 s -- in es.uma.informatica.daw.tutorialtesting.AplicacionTests$ListaVacia
es.uma.informatica.daw.tutorialtesting.AplicacionTests$ListaVacia.devuelveErrorAlConsultarProyecto -- Time elapsed: 0.055 s
es.uma.informatica.daw.tutorialtesting.AplicacionTests$ListaVacia.devuelveLista -- Time elapsed: 0.116 s
es.uma.informatica.daw.tutorialtesting.AplicacionTests$ListaVacia.insertaProyecto -- Time elapsed: 0.068 s
es.uma.informatica.daw.tutorialtesting.AplicacionTests$ListaVacia.devuelveErrorAlEliminarProyecto -- Time elapsed: 0.051 s
es.uma.informatica.daw.tutorialtesting.AplicacionTests$ListaVacia.devuelveErrorAlModificarProyecto -- Time elapsed: 0.068 s
