-------------------------------------------------------------------------------
Test set: es.uma.informatica.daw.tutorialtesting.AplicacionTests$ListaConDatos$ModificarProyectos
-------------------------------------------------------------------------------
Tests run: 2, Failures: 0, Errors: 0, Skipped: 0, Time elapsed: 1.805 s -- in es.uma.informatica.daw.tutorialtesting.AplicacionTests$ListaConDatos$ModificarProyectos
es.uma.informatica.daw.tutorialtesting.AplicacionTests$ListaConDatos$ModificarProyectos.modificaCorrectamente -- Time elapsed: 0.127 s
es.uma.informatica.daw.tutorialtesting.AplicacionTests$ListaConDatos$ModificarProyectos.errorCuandoNoExiste -- Time elapsed: 0.060 s
