<?xml version="1.0" encoding="UTF-8"?>
<testsuite xmlns:xsi="http://www.w3.org/2001/XMLSchema-instance" xsi:noNamespaceSchemaLocation="https://maven.apache.org/surefire/maven-surefire-plugin/xsd/surefire-test-report.xsd" version="3.0.2" name="es.uma.informatica.daw.tutorialtesting.AplicacionTests$ListaConDatos$EliminarProyectos" time="2.585" tests="4" errors="0" skipped="0" failures="0">
  <properties>
[...]
</properties>
  <testcase name="devuelveLista" classname="es.uma.informatica.daw.tutorialtesting.AplicacionTests$ListaConDatos" time="1.883">
    <system-out><![CDATA[11:23:27.269 [main] INFO org.springframework.test.context.support.AnnotationConfigContextLoaderUtils -- Could not detect default configuration classes for test class [es.uma.informatica.daw.tutorialtesting.AplicacionTests]: AplicacionTests does not declare any static, non-private, non-final, nested classes annotated with @Configuration.
11:23:27.597 [main] INFO org.springframework.boot.test.context.SpringBootTestContextBootstrapper -- Found @SpringBootConfiguration es.uma.informatica.daw.tutorialtesting.Aplicacion for test class es.uma.informatica.daw.tutorialtesting.AplicacionTests
11:23:27.963 [main] INFO org.springframework.test.context.support.AnnotationConfigContextLoaderUtils -- Could not detect default configuration classes for test class [es.uma.informatica.daw.tutorialtesting.AplicacionTests$ListaConDatos]: ListaConDatos does not declare any static, non-private, non-final, nested classes annotated with @Configuration.
11:23:27.970 [main] INFO org.springframework.boot.test.context.SpringBootTestContextBootstrapper -- Found @SpringBootConfiguration es.uma.informatica.daw.tutorialtesting.Aplicacion for test class es.uma.informatica.daw.tutorialtesting.AplicacionTests$ListaConDatos

  .   ____          _            __ _ _
 /\\ / ___'_ __ _ _(_)_ __  __ _ \ \ \ \
( ( )\___ | '_ | '_| | '_ \/ _` | \ \ \ \
 \\/  ___)| |_)| | | | | || (_| |  ) ) ) )
  '  |____| .__|_| |_|_| |_\__, | / / / /
 =========|_|==============|___/=/_/_/_/

 :: Spring Boot ::                (v3.3.5)

2026-04-26T11:23:29.053+02:00  INFO 18028 --- [           main] e.u.i.d.tutorialtesting.AplicacionTests  : Starting AplicacionTests using Java 22.0.2 with PID 18028 (started by ivan in /home/ivan/Documents/3o/DAW/clase/planificacion/solucion)
2026-04-26T11:23:29.058+02:00  INFO 18028 --- [           main] e.u.i.d.tutorialtesting.AplicacionTests  : No active profile set, falling back to 1 default profile: "default"
2026-04-26T11:23:31.239+02:00  INFO 18028 --- [           main] .s.d.r.c.RepositoryConfigurationDelegate : Bootstrapping Spring Data JPA repositories in DEFAULT mode.
2026-04-26T11:23:31.335+02:00  INFO 18028 --- [           main] .s.d.r.c.RepositoryConfigurationDelegate : Finished Spring Data repository scanning in 77 ms. Found 1 JPA repository interface.
2026-04-26T11:23:32.668+02:00  INFO 18028 --- [           main] o.s.b.w.embedded.tomcat.TomcatWebServer  : Tomcat initialized with port 0 (http)
2026-04-26T11:23:32.713+02:00  INFO 18028 --- [           main] o.apache.catalina.core.StandardService   : Starting service [Tomcat]
2026-04-26T11:23:32.714+02:00  INFO 18028 --- [           main] o.apache.catalina.core.StandardEngine    : Starting Servlet engine: [Apache Tomcat/10.1.31]
2026-04-26T11:23:32.825+02:00  INFO 18028 --- [           main] o.a.c.c.C.[Tomcat].[localhost].[/]       : Initializing Spring embedded WebApplicationContext
2026-04-26T11:23:32.827+02:00  INFO 18028 --- [           main] w.s.c.ServletWebServerApplicationContext : Root WebApplicationContext: initialization completed in 3708 ms
2026-04-26T11:23:32.901+02:00  INFO 18028 --- [           main] com.zaxxer.hikari.HikariDataSource       : HikariPool-1 - Starting...
2026-04-26T11:23:33.661+02:00  INFO 18028 --- [           main] com.zaxxer.hikari.pool.HikariPool        : HikariPool-1 - Added connection conn0: url=jdbc:h2:mem:dcbapp user=SA
2026-04-26T11:23:33.666+02:00  INFO 18028 --- [           main] com.zaxxer.hikari.HikariDataSource       : HikariPool-1 - Start completed.
2026-04-26T11:23:33.709+02:00  INFO 18028 --- [           main] o.s.b.a.h2.H2ConsoleAutoConfiguration    : H2 console available at '/h2-console'. Database available at 'jdbc:h2:mem:dcbapp'
2026-04-26T11:23:34.048+02:00  INFO 18028 --- [           main] o.hibernate.jpa.internal.util.LogHelper  : HHH000204: Processing PersistenceUnitInfo [name: default]
2026-04-26T11:23:34.207+02:00  INFO 18028 --- [           main] org.hibernate.Version                    : HHH000412: Hibernate ORM core version 6.5.3.Final
2026-04-26T11:23:34.281+02:00  INFO 18028 --- [           main] o.h.c.internal.RegionFactoryInitiator    : HHH000026: Second-level cache disabled
2026-04-26T11:23:35.007+02:00  INFO 18028 --- [           main] o.s.o.j.p.SpringPersistenceUnitInfo      : No LoadTimeWeaver setup: ignoring JPA class transformer
2026-04-26T11:23:35.128+02:00  WARN 18028 --- [           main] org.hibernate.orm.deprecation            : HHH90000025: H2Dialect does not need to be specified explicitly using 'hibernate.dialect' (remove the property setting and it will be selected by default)
2026-04-26T11:23:37.026+02:00  INFO 18028 --- [           main] o.h.e.t.j.p.i.JtaPlatformInitiator       : HHH000489: No JTA platform available (set 'hibernate.transaction.jta.platform' to enable JTA platform integration)
2026-04-26T11:23:37.123+02:00  INFO 18028 --- [           main] j.LocalContainerEntityManagerFactoryBean : Initialized JPA EntityManagerFactory for persistence unit 'default'
2026-04-26T11:23:37.962+02:00  WARN 18028 --- [           main] JpaBaseConfiguration$JpaWebConfiguration : spring.jpa.open-in-view is enabled by default. Therefore, database queries may be performed during view rendering. Explicitly configure spring.jpa.open-in-view to disable this warning
2026-04-26T11:23:39.063+02:00  INFO 18028 --- [           main] o.s.b.w.embedded.tomcat.TomcatWebServer  : Tomcat started on port 36361 (http) with context path '/'
2026-04-26T11:23:39.081+02:00  INFO 18028 --- [           main] e.u.i.d.tutorialtesting.AplicacionTests  : Started AplicacionTests in 10.979 seconds (process running for 14.152)
2026-04-26T11:23:40.496+02:00  INFO 18028 --- [o-auto-1-exec-1] o.a.c.c.C.[Tomcat].[localhost].[/]       : Initializing Spring DispatcherServlet 'dispatcherServlet'
2026-04-26T11:23:40.497+02:00  INFO 18028 --- [o-auto-1-exec-1] o.s.web.servlet.DispatcherServlet        : Initializing Servlet 'dispatcherServlet'
2026-04-26T11:23:40.499+02:00  INFO 18028 --- [o-auto-1-exec-1] o.s.web.servlet.DispatcherServlet        : Completed initialization in 2 ms
2026-04-26T11:23:40.954+02:00  INFO 18028 --- [           main] j.LocalContainerEntityManagerFactoryBean : Closing JPA EntityManagerFactory for persistence unit 'default'
2026-04-26T11:23:40.961+02:00  INFO 18028 --- [           main] com.zaxxer.hikari.HikariDataSource       : HikariPool-1 - Shutdown initiated...
2026-04-26T11:23:40.965+02:00  INFO 18028 --- [           main] com.zaxxer.hikari.HikariDataSource       : HikariPool-1 - Shutdown completed.
]]></system-out>
    <system-err><![CDATA[WARNING: A Java agent has been loaded dynamically (/home/ivan/.m2/repository/net/bytebuddy/byte-buddy-agent/1.14.19/byte-buddy-agent-1.14.19.jar)
WARNING: If a serviceability tool is in use, please run with -XX:+EnableDynamicAgentLoading to hide this warning
WARNING: If a serviceability tool is not in use, please run with -Djdk.instrument.traceUsage for more information
WARNING: Dynamic loading of agents will be disallowed by default in a future release
]]></system-err>
  </testcase>
  <testcase name="insertaProyecto" classname="es.uma.informatica.daw.tutorialtesting.AplicacionTests$ListaConDatos" time="0.146">
    <system-out><![CDATA[
  .   ____          _            __ _ _
 /\\ / ___'_ __ _ _(_)_ __  __ _ \ \ \ \
( ( )\___ | '_ | '_| | '_ \/ _` | \ \ \ \
 \\/  ___)| |_)| | | | | || (_| |  ) ) ) )
  '  |____| .__|_| |_|_| |_\__, | / / / /
 =========|_|==============|___/=/_/_/_/

 :: Spring Boot ::                (v3.3.5)

2026-04-26T11:23:41.049+02:00  INFO 18028 --- [           main] e.u.i.d.tutorialtesting.AplicacionTests  : Starting AplicacionTests using Java 22.0.2 with PID 18028 (started by ivan in /home/ivan/Documents/3o/DAW/clase/planificacion/solucion)
2026-04-26T11:23:41.050+02:00  INFO 18028 --- [           main] e.u.i.d.tutorialtesting.AplicacionTests  : No active profile set, falling back to 1 default profile: "default"
2026-04-26T11:23:41.366+02:00  INFO 18028 --- [           main] .s.d.r.c.RepositoryConfigurationDelegate : Bootstrapping Spring Data JPA repositories in DEFAULT mode.
2026-04-26T11:23:41.381+02:00  INFO 18028 --- [           main] .s.d.r.c.RepositoryConfigurationDelegate : Finished Spring Data repository scanning in 13 ms. Found 1 JPA repository interface.
2026-04-26T11:23:41.529+02:00  INFO 18028 --- [           main] o.s.b.w.embedded.tomcat.TomcatWebServer  : Tomcat initialized with port 0 (http)
2026-04-26T11:23:41.532+02:00  INFO 18028 --- [           main] o.apache.catalina.core.StandardService   : Starting service [Tomcat]
2026-04-26T11:23:41.532+02:00  INFO 18028 --- [           main] o.apache.catalina.core.StandardEngine    : Starting Servlet engine: [Apache Tomcat/10.1.31]
2026-04-26T11:23:41.553+02:00  INFO 18028 --- [           main] o.a.c.c.C.[Tomcat].[localhost].[/]       : Initializing Spring embedded WebApplicationContext
2026-04-26T11:23:41.553+02:00  INFO 18028 --- [           main] w.s.c.ServletWebServerApplicationContext : Root WebApplicationContext: initialization completed in 500 ms
2026-04-26T11:23:41.576+02:00  INFO 18028 --- [           main] com.zaxxer.hikari.HikariDataSource       : HikariPool-2 - Starting...
2026-04-26T11:23:41.581+02:00  INFO 18028 --- [           main] com.zaxxer.hikari.pool.HikariPool        : HikariPool-2 - Added connection conn10: url=jdbc:h2:mem:dcbapp user=SA
2026-04-26T11:23:41.582+02:00  INFO 18028 --- [           main] com.zaxxer.hikari.HikariDataSource       : HikariPool-2 - Start completed.
2026-04-26T11:23:41.582+02:00  INFO 18028 --- [           main] o.s.b.a.h2.H2ConsoleAutoConfiguration    : H2 console available at '/h2-console'. Database available at 'jdbc:h2:mem:dcbapp'
2026-04-26T11:23:41.623+02:00  INFO 18028 --- [           main] o.hibernate.jpa.internal.util.LogHelper  : HHH000204: Processing PersistenceUnitInfo [name: default]
2026-04-26T11:23:41.626+02:00  INFO 18028 --- [           main] o.h.c.internal.RegionFactoryInitiator    : HHH000026: Second-level cache disabled
2026-04-26T11:23:41.640+02:00  INFO 18028 --- [           main] o.s.o.j.p.SpringPersistenceUnitInfo      : No LoadTimeWeaver setup: ignoring JPA class transformer
2026-04-26T11:23:41.642+02:00  WARN 18028 --- [           main] org.hibernate.orm.deprecation            : HHH90000025: H2Dialect does not need to be specified explicitly using 'hibernate.dialect' (remove the property setting and it will be selected by default)
2026-04-26T11:23:41.729+02:00  INFO 18028 --- [           main] o.h.e.t.j.p.i.JtaPlatformInitiator       : HHH000489: No JTA platform available (set 'hibernate.transaction.jta.platform' to enable JTA platform integration)
2026-04-26T11:23:41.735+02:00  INFO 18028 --- [           main] j.LocalContainerEntityManagerFactoryBean : Initialized JPA EntityManagerFactory for persistence unit 'default'
2026-04-26T11:23:41.861+02:00  WARN 18028 --- [           main] JpaBaseConfiguration$JpaWebConfiguration : spring.jpa.open-in-view is enabled by default. Therefore, database queries may be performed during view rendering. Explicitly configure spring.jpa.open-in-view to disable this warning
2026-04-26T11:23:42.129+02:00  INFO 18028 --- [           main] o.s.b.w.embedded.tomcat.TomcatWebServer  : Tomcat started on port 36917 (http) with context path '/'
2026-04-26T11:23:42.142+02:00  INFO 18028 --- [           main] e.u.i.d.tutorialtesting.AplicacionTests  : Started AplicacionTests in 1.149 seconds (process running for 17.213)
2026-04-26T11:23:42.200+02:00  INFO 18028 --- [o-auto-2-exec-1] o.a.c.c.C.[Tomcat].[localhost].[/]       : Initializing Spring DispatcherServlet 'dispatcherServlet'
2026-04-26T11:23:42.200+02:00  INFO 18028 --- [o-auto-2-exec-1] o.s.web.servlet.DispatcherServlet        : Initializing Servlet 'dispatcherServlet'
2026-04-26T11:23:42.202+02:00  INFO 18028 --- [o-auto-2-exec-1] o.s.web.servlet.DispatcherServlet        : Completed initialization in 2 ms
2026-04-26T11:23:42.278+02:00  INFO 18028 --- [           main] j.LocalContainerEntityManagerFactoryBean : Closing JPA EntityManagerFactory for persistence unit 'default'
2026-04-26T11:23:42.282+02:00  INFO 18028 --- [           main] com.zaxxer.hikari.HikariDataSource       : HikariPool-2 - Shutdown initiated...
2026-04-26T11:23:42.284+02:00  INFO 18028 --- [           main] com.zaxxer.hikari.HikariDataSource       : HikariPool-2 - Shutdown completed.
]]></system-out>
  </testcase>
  <testcase name="eliminaCorrectamente" classname="es.uma.informatica.daw.tutorialtesting.AplicacionTests$ListaConDatos$EliminarProyectos" time="0.642">
    <system-out><![CDATA[2026-04-26T11:23:42.302+02:00  INFO 18028 --- [           main] t.c.s.AnnotationConfigContextLoaderUtils : Could not detect default configuration classes for test class [es.uma.informatica.daw.tutorialtesting.AplicacionTests$ListaConDatos$EliminarProyectos]: EliminarProyectos does not declare any static, non-private, non-final, nested classes annotated with @Configuration.
2026-04-26T11:23:42.306+02:00  INFO 18028 --- [           main] .b.t.c.SpringBootTestContextBootstrapper : Found @SpringBootConfiguration es.uma.informatica.daw.tutorialtesting.Aplicacion for test class es.uma.informatica.daw.tutorialtesting.AplicacionTests$ListaConDatos$EliminarProyectos

  .   ____          _            __ _ _
 /\\ / ___'_ __ _ _(_)_ __  __ _ \ \ \ \
( ( )\___ | '_ | '_| | '_ \/ _` | \ \ \ \
 \\/  ___)| |_)| | | | | || (_| |  ) ) ) )
  '  |____| .__|_| |_|_| |_\__, | / / / /
 =========|_|==============|___/=/_/_/_/

 :: Spring Boot ::                (v3.3.5)

2026-04-26T11:23:42.355+02:00  INFO 18028 --- [           main] e.u.i.d.tutorialtesting.AplicacionTests  : Starting AplicacionTests using Java 22.0.2 with PID 18028 (started by ivan in /home/ivan/Documents/3o/DAW/clase/planificacion/solucion)
2026-04-26T11:23:42.355+02:00  INFO 18028 --- [           main] e.u.i.d.tutorialtesting.AplicacionTests  : No active profile set, falling back to 1 default profile: "default"
2026-04-26T11:23:42.621+02:00  INFO 18028 --- [           main] .s.d.r.c.RepositoryConfigurationDelegate : Bootstrapping Spring Data JPA repositories in DEFAULT mode.
2026-04-26T11:23:42.631+02:00  INFO 18028 --- [           main] .s.d.r.c.RepositoryConfigurationDelegate : Finished Spring Data repository scanning in 9 ms. Found 1 JPA repository interface.
2026-04-26T11:23:42.766+02:00  INFO 18028 --- [           main] o.s.b.w.embedded.tomcat.TomcatWebServer  : Tomcat initialized with port 0 (http)
2026-04-26T11:23:42.768+02:00  INFO 18028 --- [           main] o.apache.catalina.core.StandardService   : Starting service [Tomcat]
2026-04-26T11:23:42.769+02:00  INFO 18028 --- [           main] o.apache.catalina.core.StandardEngine    : Starting Servlet engine: [Apache Tomcat/10.1.31]
2026-04-26T11:23:42.785+02:00  INFO 18028 --- [           main] o.a.c.c.C.[Tomcat].[localhost].[/]       : Initializing Spring embedded WebApplicationContext
2026-04-26T11:23:42.785+02:00  INFO 18028 --- [           main] w.s.c.ServletWebServerApplicationContext : Root WebApplicationContext: initialization completed in 427 ms
2026-04-26T11:23:42.804+02:00  INFO 18028 --- [           main] com.zaxxer.hikari.HikariDataSource       : HikariPool-3 - Starting...
2026-04-26T11:23:42.809+02:00  INFO 18028 --- [           main] com.zaxxer.hikari.pool.HikariPool        : HikariPool-3 - Added connection conn20: url=jdbc:h2:mem:dcbapp user=SA
2026-04-26T11:23:42.810+02:00  INFO 18028 --- [           main] com.zaxxer.hikari.HikariDataSource       : HikariPool-3 - Start completed.
2026-04-26T11:23:42.810+02:00  INFO 18028 --- [           main] o.s.b.a.h2.H2ConsoleAutoConfiguration    : H2 console available at '/h2-console'. Database available at 'jdbc:h2:mem:dcbapp'
2026-04-26T11:23:42.859+02:00  INFO 18028 --- [           main] o.hibernate.jpa.internal.util.LogHelper  : HHH000204: Processing PersistenceUnitInfo [name: default]
2026-04-26T11:23:42.862+02:00  INFO 18028 --- [           main] o.h.c.internal.RegionFactoryInitiator    : HHH000026: Second-level cache disabled
2026-04-26T11:23:42.875+02:00  INFO 18028 --- [           main] o.s.o.j.p.SpringPersistenceUnitInfo      : No LoadTimeWeaver setup: ignoring JPA class transformer
2026-04-26T11:23:42.878+02:00  WARN 18028 --- [           main] org.hibernate.orm.deprecation            : HHH90000025: H2Dialect does not need to be specified explicitly using 'hibernate.dialect' (remove the property setting and it will be selected by default)
2026-04-26T11:23:42.965+02:00  INFO 18028 --- [           main] o.h.e.t.j.p.i.JtaPlatformInitiator       : HHH000489: No JTA platform available (set 'hibernate.transaction.jta.platform' to enable JTA platform integration)
2026-04-26T11:23:42.974+02:00  INFO 18028 --- [           main] j.LocalContainerEntityManagerFactoryBean : Initialized JPA EntityManagerFactory for persistence unit 'default'
2026-04-26T11:23:43.088+02:00  WARN 18028 --- [           main] JpaBaseConfiguration$JpaWebConfiguration : spring.jpa.open-in-view is enabled by default. Therefore, database queries may be performed during view rendering. Explicitly configure spring.jpa.open-in-view to disable this warning
2026-04-26T11:23:43.325+02:00  INFO 18028 --- [           main] o.s.b.w.embedded.tomcat.TomcatWebServer  : Tomcat started on port 38713 (http) with context path '/'
2026-04-26T11:23:43.335+02:00  INFO 18028 --- [           main] e.u.i.d.tutorialtesting.AplicacionTests  : Started AplicacionTests in 1.022 seconds (process running for 18.406)
Proyecto [id=1, nombre=SSI, fechaInicio=2025-10-01, duracion=10]
Proyecto [id=2, nombre=Amazon, fechaInicio=2027-01-02, duracion=90]
2026-04-26T11:23:43.386+02:00  INFO 18028 --- [o-auto-3-exec-1] o.a.c.c.C.[Tomcat].[localhost].[/]       : Initializing Spring DispatcherServlet 'dispatcherServlet'
2026-04-26T11:23:43.387+02:00  INFO 18028 --- [o-auto-3-exec-1] o.s.web.servlet.DispatcherServlet        : Initializing Servlet 'dispatcherServlet'
2026-04-26T11:23:43.389+02:00  INFO 18028 --- [o-auto-3-exec-1] o.s.web.servlet.DispatcherServlet        : Completed initialization in 2 ms
2026-04-26T11:23:43.973+02:00  INFO 18028 --- [           main] j.LocalContainerEntityManagerFactoryBean : Closing JPA EntityManagerFactory for persistence unit 'default'
2026-04-26T11:23:43.978+02:00  INFO 18028 --- [           main] com.zaxxer.hikari.HikariDataSource       : HikariPool-3 - Shutdown initiated...
2026-04-26T11:23:43.980+02:00  INFO 18028 --- [           main] com.zaxxer.hikari.HikariDataSource       : HikariPool-3 - Shutdown completed.
]]></system-out>
  </testcase>
  <testcase name="errorCuandoNoExiste" classname="es.uma.informatica.daw.tutorialtesting.AplicacionTests$ListaConDatos$EliminarProyectos" time="0.059">
    <system-out><![CDATA[
  .   ____          _            __ _ _
 /\\ / ___'_ __ _ _(_)_ __  __ _ \ \ \ \
( ( )\___ | '_ | '_| | '_ \/ _` | \ \ \ \
 \\/  ___)| |_)| | | | | || (_| |  ) ) ) )
  '  |____| .__|_| |_|_| |_\__, | / / / /
 =========|_|==============|___/=/_/_/_/

 :: Spring Boot ::                (v3.3.5)

2026-04-26T11:23:44.036+02:00  INFO 18028 --- [           main] e.u.i.d.tutorialtesting.AplicacionTests  : Starting AplicacionTests using Java 22.0.2 with PID 18028 (started by ivan in /home/ivan/Documents/3o/DAW/clase/planificacion/solucion)
2026-04-26T11:23:44.037+02:00  INFO 18028 --- [           main] e.u.i.d.tutorialtesting.AplicacionTests  : No active profile set, falling back to 1 default profile: "default"
2026-04-26T11:23:44.274+02:00  INFO 18028 --- [           main] .s.d.r.c.RepositoryConfigurationDelegate : Bootstrapping Spring Data JPA repositories in DEFAULT mode.
2026-04-26T11:23:44.281+02:00  INFO 18028 --- [           main] .s.d.r.c.RepositoryConfigurationDelegate : Finished Spring Data repository scanning in 7 ms. Found 1 JPA repository interface.
2026-04-26T11:23:44.375+02:00  INFO 18028 --- [           main] o.s.b.w.embedded.tomcat.TomcatWebServer  : Tomcat initialized with port 0 (http)
2026-04-26T11:23:44.377+02:00  INFO 18028 --- [           main] o.apache.catalina.core.StandardService   : Starting service [Tomcat]
2026-04-26T11:23:44.377+02:00  INFO 18028 --- [           main] o.apache.catalina.core.StandardEngine    : Starting Servlet engine: [Apache Tomcat/10.1.31]
2026-04-26T11:23:44.389+02:00  INFO 18028 --- [           main] o.a.c.c.C.[Tomcat].[localhost].[/]       : Initializing Spring embedded WebApplicationContext
2026-04-26T11:23:44.389+02:00  INFO 18028 --- [           main] w.s.c.ServletWebServerApplicationContext : Root WebApplicationContext: initialization completed in 348 ms
2026-04-26T11:23:44.403+02:00  INFO 18028 --- [           main] com.zaxxer.hikari.HikariDataSource       : HikariPool-4 - Starting...
2026-04-26T11:23:44.408+02:00  INFO 18028 --- [           main] com.zaxxer.hikari.pool.HikariPool        : HikariPool-4 - Added connection conn30: url=jdbc:h2:mem:dcbapp user=SA
2026-04-26T11:23:44.408+02:00  INFO 18028 --- [           main] com.zaxxer.hikari.HikariDataSource       : HikariPool-4 - Start completed.
2026-04-26T11:23:44.409+02:00  INFO 18028 --- [           main] o.s.b.a.h2.H2ConsoleAutoConfiguration    : H2 console available at '/h2-console'. Database available at 'jdbc:h2:mem:dcbapp'
2026-04-26T11:23:44.434+02:00  INFO 18028 --- [           main] o.hibernate.jpa.internal.util.LogHelper  : HHH000204: Processing PersistenceUnitInfo [name: default]
2026-04-26T11:23:44.437+02:00  INFO 18028 --- [           main] o.h.c.internal.RegionFactoryInitiator    : HHH000026: Second-level cache disabled
2026-04-26T11:23:44.450+02:00  INFO 18028 --- [           main] o.s.o.j.p.SpringPersistenceUnitInfo      : No LoadTimeWeaver setup: ignoring JPA class transformer
2026-04-26T11:23:44.452+02:00  WARN 18028 --- [           main] org.hibernate.orm.deprecation            : HHH90000025: H2Dialect does not need to be specified explicitly using 'hibernate.dialect' (remove the property setting and it will be selected by default)
2026-04-26T11:23:44.531+02:00  INFO 18028 --- [           main] o.h.e.t.j.p.i.JtaPlatformInitiator       : HHH000489: No JTA platform available (set 'hibernate.transaction.jta.platform' to enable JTA platform integration)
2026-04-26T11:23:44.536+02:00  INFO 18028 --- [           main] j.LocalContainerEntityManagerFactoryBean : Initialized JPA EntityManagerFactory for persistence unit 'default'
2026-04-26T11:23:44.636+02:00  WARN 18028 --- [           main] JpaBaseConfiguration$JpaWebConfiguration : spring.jpa.open-in-view is enabled by default. Therefore, database queries may be performed during view rendering. Explicitly configure spring.jpa.open-in-view to disable this warning
2026-04-26T11:23:44.801+02:00  INFO 18028 --- [           main] o.s.b.w.embedded.tomcat.TomcatWebServer  : Tomcat started on port 32797 (http) with context path '/'
2026-04-26T11:23:44.813+02:00  INFO 18028 --- [           main] e.u.i.d.tutorialtesting.AplicacionTests  : Started AplicacionTests in 0.824 seconds (process running for 19.884)
2026-04-26T11:23:44.846+02:00  INFO 18028 --- [o-auto-4-exec-1] o.a.c.c.C.[Tomcat].[localhost].[/]       : Initializing Spring DispatcherServlet 'dispatcherServlet'
2026-04-26T11:23:44.846+02:00  INFO 18028 --- [o-auto-4-exec-1] o.s.web.servlet.DispatcherServlet        : Initializing Servlet 'dispatcherServlet'
2026-04-26T11:23:44.848+02:00  INFO 18028 --- [o-auto-4-exec-1] o.s.web.servlet.DispatcherServlet        : Completed initialization in 1 ms
2026-04-26T11:23:44.871+02:00  INFO 18028 --- [           main] j.LocalContainerEntityManagerFactoryBean : Closing JPA EntityManagerFactory for persistence unit 'default'
2026-04-26T11:23:44.874+02:00  INFO 18028 --- [           main] com.zaxxer.hikari.HikariDataSource       : HikariPool-4 - Shutdown initiated...
2026-04-26T11:23:44.875+02:00  INFO 18028 --- [           main] com.zaxxer.hikari.HikariDataSource       : HikariPool-4 - Shutdown completed.
]]></system-out>
  </testcase>
</testsuite>