<?xml version="1.0" encoding="UTF-8"?>
<testsuite xmlns:xsi="http://www.w3.org/2001/XMLSchema-instance" xsi:noNamespaceSchemaLocation="https://maven.apache.org/surefire/maven-surefire-plugin/xsd/surefire-test-report.xsd" version="3.0.2" name="es.uma.informatica.daw.tutorialtesting.AplicacionTests$ListaConDatos$ObtenerProyectos" time="1.646" tests="2" errors="0" skipped="0" failures="0">
  <properties>
[...]
</properties>
  <testcase name="errorCuandoProyectoNoExiste" classname="es.uma.informatica.daw.tutorialtesting.AplicacionTests$ListaConDatos$ObtenerProyectos" time="0.068">
    <system-out><![CDATA[2026-04-26T11:23:46.706+02:00  INFO 18028 --- [           main] t.c.s.AnnotationConfigContextLoaderUtils : Could not detect default configuration classes for test class [es.uma.informatica.daw.tutorialtesting.AplicacionTests$ListaConDatos$ObtenerProyectos]: ObtenerProyectos does not declare any static, non-private, non-final, nested classes annotated with @Configuration.
2026-04-26T11:23:46.709+02:00  INFO 18028 --- [           main] .b.t.c.SpringBootTestContextBootstrapper : Found @SpringBootConfiguration es.uma.informatica.daw.tutorialtesting.Aplicacion for test class es.uma.informatica.daw.tutorialtesting.AplicacionTests$ListaConDatos$ObtenerProyectos

  .   ____          _            __ _ _
 /\\ / ___'_ __ _ _(_)_ __  __ _ \ \ \ \
( ( )\___ | '_ | '_| | '_ \/ _` | \ \ \ \
 \\/  ___)| |_)| | | | | || (_| |  ) ) ) )
  '  |____| .__|_| |_|_| |_\__, | / / / /
 =========|_|==============|___/=/_/_/_/

 :: Spring Boot ::                (v3.3.5)

2026-04-26T11:23:46.743+02:00  INFO 18028 --- [           main] e.u.i.d.tutorialtesting.AplicacionTests  : Starting AplicacionTests using Java 22.0.2 with PID 18028 (started by ivan in /home/ivan/Documents/3o/DAW/clase/planificacion/solucion)
2026-04-26T11:23:46.744+02:00  INFO 18028 --- [           main] e.u.i.d.tutorialtesting.AplicacionTests  : No active profile set, falling back to 1 default profile: "default"
2026-04-26T11:23:46.949+02:00  INFO 18028 --- [           main] .s.d.r.c.RepositoryConfigurationDelegate : Bootstrapping Spring Data JPA repositories in DEFAULT mode.
2026-04-26T11:23:46.954+02:00  INFO 18028 --- [           main] .s.d.r.c.RepositoryConfigurationDelegate : Finished Spring Data repository scanning in 5 ms. Found 1 JPA repository interface.
2026-04-26T11:23:47.031+02:00  INFO 18028 --- [           main] o.s.b.w.embedded.tomcat.TomcatWebServer  : Tomcat initialized with port 0 (http)
2026-04-26T11:23:47.032+02:00  INFO 18028 --- [           main] o.apache.catalina.core.StandardService   : Starting service [Tomcat]
2026-04-26T11:23:47.033+02:00  INFO 18028 --- [           main] o.apache.catalina.core.StandardEngine    : Starting Servlet engine: [Apache Tomcat/10.1.31]
2026-04-26T11:23:47.046+02:00  INFO 18028 --- [           main] o.a.c.c.C.[Tomcat].[localhost].[/]       : Initializing Spring embedded WebApplicationContext
2026-04-26T11:23:47.047+02:00  INFO 18028 --- [           main] w.s.c.ServletWebServerApplicationContext : Root WebApplicationContext: initialization completed in 301 ms
2026-04-26T11:23:47.063+02:00  INFO 18028 --- [           main] com.zaxxer.hikari.HikariDataSource       : HikariPool-7 - Starting...
2026-04-26T11:23:47.069+02:00  INFO 18028 --- [           main] com.zaxxer.hikari.pool.HikariPool        : HikariPool-7 - Added connection conn60: url=jdbc:h2:mem:dcbapp user=SA
2026-04-26T11:23:47.070+02:00  INFO 18028 --- [           main] com.zaxxer.hikari.HikariDataSource       : HikariPool-7 - Start completed.
2026-04-26T11:23:47.070+02:00  INFO 18028 --- [           main] o.s.b.a.h2.H2ConsoleAutoConfiguration    : H2 console available at '/h2-console'. Database available at 'jdbc:h2:mem:dcbapp'
2026-04-26T11:23:47.108+02:00  INFO 18028 --- [           main] o.hibernate.jpa.internal.util.LogHelper  : HHH000204: Processing PersistenceUnitInfo [name: default]
2026-04-26T11:23:47.111+02:00  INFO 18028 --- [           main] o.h.c.internal.RegionFactoryInitiator    : HHH000026: Second-level cache disabled
2026-04-26T11:23:47.122+02:00  INFO 18028 --- [           main] o.s.o.j.p.SpringPersistenceUnitInfo      : No LoadTimeWeaver setup: ignoring JPA class transformer
2026-04-26T11:23:47.124+02:00  WARN 18028 --- [           main] org.hibernate.orm.deprecation            : HHH90000025: H2Dialect does not need to be specified explicitly using 'hibernate.dialect' (remove the property setting and it will be selected by default)
2026-04-26T11:23:47.200+02:00  INFO 18028 --- [           main] o.h.e.t.j.p.i.JtaPlatformInitiator       : HHH000489: No JTA platform available (set 'hibernate.transaction.jta.platform' to enable JTA platform integration)
2026-04-26T11:23:47.206+02:00  INFO 18028 --- [           main] j.LocalContainerEntityManagerFactoryBean : Initialized JPA EntityManagerFactory for persistence unit 'default'
2026-04-26T11:23:47.279+02:00  WARN 18028 --- [           main] JpaBaseConfiguration$JpaWebConfiguration : spring.jpa.open-in-view is enabled by default. Therefore, database queries may be performed during view rendering. Explicitly configure spring.jpa.open-in-view to disable this warning
2026-04-26T11:23:47.444+02:00  INFO 18028 --- [           main] o.s.b.w.embedded.tomcat.TomcatWebServer  : Tomcat started on port 38139 (http) with context path '/'
2026-04-26T11:23:47.448+02:00  INFO 18028 --- [           main] e.u.i.d.tutorialtesting.AplicacionTests  : Started AplicacionTests in 0.733 seconds (process running for 22.519)
2026-04-26T11:23:47.482+02:00  INFO 18028 --- [o-auto-7-exec-1] o.a.c.c.C.[Tomcat].[localhost].[/]       : Initializing Spring DispatcherServlet 'dispatcherServlet'
2026-04-26T11:23:47.483+02:00  INFO 18028 --- [o-auto-7-exec-1] o.s.web.servlet.DispatcherServlet        : Initializing Servlet 'dispatcherServlet'
2026-04-26T11:23:47.484+02:00  INFO 18028 --- [o-auto-7-exec-1] o.s.web.servlet.DispatcherServlet        : Completed initialization in 1 ms
2026-04-26T11:23:47.513+02:00  INFO 18028 --- [           main] j.LocalContainerEntityManagerFactoryBean : Closing JPA EntityManagerFactory for persistence unit 'default'
2026-04-26T11:23:47.516+02:00  INFO 18028 --- [           main] com.zaxxer.hikari.HikariDataSource       : HikariPool-7 - Shutdown initiated...
2026-04-26T11:23:47.518+02:00  INFO 18028 --- [           main] com.zaxxer.hikari.HikariDataSource       : HikariPool-7 - Shutdown completed.
]]></system-out>
  </testcase>
  <testcase name="devuelveProyecto" classname="es.uma.informatica.daw.tutorialtesting.AplicacionTests$ListaConDatos$ObtenerProyectos" time="0.077">
    <system-out><![CDATA[
  .   ____          _            __ _ _
 /\\ / ___'_ __ _ _(_)_ __  __ _ \ \ \ \
( ( )\___ | '_ | '_| | '_ \/ _` | \ \ \ \
 \\/  ___)| |_)| | | | | || (_| |  ) ) ) )
  '  |____| .__|_| |_|_| |_\__, | / / / /
 =========|_|==============|___/=/_/_/_/

 :: Spring Boot ::                (v3.3.5)

2026-04-26T11:23:47.572+02:00  INFO 18028 --- [           main] e.u.i.d.tutorialtesting.AplicacionTests  : Starting AplicacionTests using Java 22.0.2 with PID 18028 (started by ivan in /home/ivan/Documents/3o/DAW/clase/planificacion/solucion)
2026-04-26T11:23:47.573+02:00  INFO 18028 --- [           main] e.u.i.d.tutorialtesting.AplicacionTests  : No active profile set, falling back to 1 default profile: "default"
2026-04-26T11:23:47.760+02:00  INFO 18028 --- [           main] .s.d.r.c.RepositoryConfigurationDelegate : Bootstrapping Spring Data JPA repositories in DEFAULT mode.
2026-04-26T11:23:47.768+02:00  INFO 18028 --- [           main] .s.d.r.c.RepositoryConfigurationDelegate : Finished Spring Data repository scanning in 7 ms. Found 1 JPA repository interface.
2026-04-26T11:23:47.858+02:00  INFO 18028 --- [           main] o.s.b.w.embedded.tomcat.TomcatWebServer  : Tomcat initialized with port 0 (http)
2026-04-26T11:23:47.861+02:00  INFO 18028 --- [           main] o.apache.catalina.core.StandardService   : Starting service [Tomcat]
2026-04-26T11:23:47.861+02:00  INFO 18028 --- [           main] o.apache.catalina.core.StandardEngine    : Starting Servlet engine: [Apache Tomcat/10.1.31]
2026-04-26T11:23:47.875+02:00  INFO 18028 --- [           main] o.a.c.c.C.[Tomcat].[localhost].[/]       : Initializing Spring embedded WebApplicationContext
2026-04-26T11:23:47.876+02:00  INFO 18028 --- [           main] w.s.c.ServletWebServerApplicationContext : Root WebApplicationContext: initialization completed in 300 ms
2026-04-26T11:23:47.891+02:00  INFO 18028 --- [           main] com.zaxxer.hikari.HikariDataSource       : HikariPool-8 - Starting...
2026-04-26T11:23:47.896+02:00  INFO 18028 --- [           main] com.zaxxer.hikari.pool.HikariPool        : HikariPool-8 - Added connection conn70: url=jdbc:h2:mem:dcbapp user=SA
2026-04-26T11:23:47.897+02:00  INFO 18028 --- [           main] com.zaxxer.hikari.HikariDataSource       : HikariPool-8 - Start completed.
2026-04-26T11:23:47.897+02:00  INFO 18028 --- [           main] o.s.b.a.h2.H2ConsoleAutoConfiguration    : H2 console available at '/h2-console'. Database available at 'jdbc:h2:mem:dcbapp'
2026-04-26T11:23:47.928+02:00  INFO 18028 --- [           main] o.hibernate.jpa.internal.util.LogHelper  : HHH000204: Processing PersistenceUnitInfo [name: default]
2026-04-26T11:23:47.931+02:00  INFO 18028 --- [           main] o.h.c.internal.RegionFactoryInitiator    : HHH000026: Second-level cache disabled
2026-04-26T11:23:47.940+02:00  INFO 18028 --- [           main] o.s.o.j.p.SpringPersistenceUnitInfo      : No LoadTimeWeaver setup: ignoring JPA class transformer
2026-04-26T11:23:47.942+02:00  WARN 18028 --- [           main] org.hibernate.orm.deprecation            : HHH90000025: H2Dialect does not need to be specified explicitly using 'hibernate.dialect' (remove the property setting and it will be selected by default)
2026-04-26T11:23:48.021+02:00  INFO 18028 --- [           main] o.h.e.t.j.p.i.JtaPlatformInitiator       : HHH000489: No JTA platform available (set 'hibernate.transaction.jta.platform' to enable JTA platform integration)
2026-04-26T11:23:48.027+02:00  INFO 18028 --- [           main] j.LocalContainerEntityManagerFactoryBean : Initialized JPA EntityManagerFactory for persistence unit 'default'
2026-04-26T11:23:48.095+02:00  WARN 18028 --- [           main] JpaBaseConfiguration$JpaWebConfiguration : spring.jpa.open-in-view is enabled by default. Therefore, database queries may be performed during view rendering. Explicitly configure spring.jpa.open-in-view to disable this warning
2026-04-26T11:23:48.262+02:00  INFO 18028 --- [           main] o.s.b.w.embedded.tomcat.TomcatWebServer  : Tomcat started on port 33655 (http) with context path '/'
2026-04-26T11:23:48.266+02:00  INFO 18028 --- [           main] e.u.i.d.tutorialtesting.AplicacionTests  : Started AplicacionTests in 0.739 seconds (process running for 23.337)
2026-04-26T11:23:48.306+02:00  INFO 18028 --- [o-auto-8-exec-1] o.a.c.c.C.[Tomcat].[localhost].[/]       : Initializing Spring DispatcherServlet 'dispatcherServlet'
2026-04-26T11:23:48.306+02:00  INFO 18028 --- [o-auto-8-exec-1] o.s.web.servlet.DispatcherServlet        : Initializing Servlet 'dispatcherServlet'
2026-04-26T11:23:48.307+02:00  INFO 18028 --- [o-auto-8-exec-1] o.s.web.servlet.DispatcherServlet        : Completed initialization in 1 ms
2026-04-26T11:23:48.338+02:00  INFO 18028 --- [           main] j.LocalContainerEntityManagerFactoryBean : Closing JPA EntityManagerFactory for persistence unit 'default'
2026-04-26T11:23:48.341+02:00  INFO 18028 --- [           main] com.zaxxer.hikari.HikariDataSource       : HikariPool-8 - Shutdown initiated...
2026-04-26T11:23:48.343+02:00  INFO 18028 --- [           main] com.zaxxer.hikari.HikariDataSource       : HikariPool-8 - Shutdown completed.
]]></system-out>
  </testcase>
</testsuite>