<?xml version="1.0" encoding="UTF-8"?>
<testsuite xmlns:xsi="http://www.w3.org/2001/XMLSchema-instance" xsi:noNamespaceSchemaLocation="https://maven.apache.org/surefire/maven-surefire-plugin/xsd/surefire-test-report.xsd" version="3.0.2" name="es.uma.informatica.daw.tutorialtesting.AplicacionTests$ListaVacia" time="3.387" tests="5" errors="0" skipped="0" failures="0">
  <properties>
[...]
</properties>
  <testcase name="devuelveErrorAlConsultarProyecto" classname="es.uma.informatica.daw.tutorialtesting.AplicacionTests$ListaVacia" time="0.055">
    <system-out><![CDATA[2026-04-26T11:23:48.358+02:00  INFO 18028 --- [           main] t.c.s.AnnotationConfigContextLoaderUtils : Could not detect default configuration classes for test class [es.uma.informatica.daw.tutorialtesting.AplicacionTests$ListaVacia]: ListaVacia does not declare any static, non-private, non-final, nested classes annotated with @Configuration.
2026-04-26T11:23:48.361+02:00  INFO 18028 --- [           main] .b.t.c.SpringBootTestContextBootstrapper : Found @SpringBootConfiguration es.uma.informatica.daw.tutorialtesting.Aplicacion for test class es.uma.informatica.daw.tutorialtesting.AplicacionTests$ListaVacia

  .   ____          _            __ _ _
 /\\ / ___'_ __ _ _(_)_ __  __ _ \ \ \ \
( ( )\___ | '_ | '_| | '_ \/ _` | \ \ \ \
 \\/  ___)| |_)| | | | | || (_| |  ) ) ) )
  '  |____| .__|_| |_|_| |_\__, | / / / /
 =========|_|==============|___/=/_/_/_/

 :: Spring Boot ::                (v3.3.5)

2026-04-26T11:23:48.404+02:00  INFO 18028 --- [           main] e.u.i.d.tutorialtesting.AplicacionTests  : Starting AplicacionTests using Java 22.0.2 with PID 18028 (started by ivan in /home/ivan/Documents/3o/DAW/clase/planificacion/solucion)
2026-04-26T11:23:48.404+02:00  INFO 18028 --- [           main] e.u.i.d.tutorialtesting.AplicacionTests  : No active profile set, falling back to 1 default profile: "default"
2026-04-26T11:23:48.557+02:00  INFO 18028 --- [           main] .s.d.r.c.RepositoryConfigurationDelegate : Bootstrapping Spring Data JPA repositories in DEFAULT mode.
2026-04-26T11:23:48.566+02:00  INFO 18028 --- [           main] .s.d.r.c.RepositoryConfigurationDelegate : Finished Spring Data repository scanning in 8 ms. Found 1 JPA repository interface.
2026-04-26T11:23:48.650+02:00  INFO 18028 --- [           main] o.s.b.w.embedded.tomcat.TomcatWebServer  : Tomcat initialized with port 0 (http)
2026-04-26T11:23:48.651+02:00  INFO 18028 --- [           main] o.apache.catalina.core.StandardService   : Starting service [Tomcat]
2026-04-26T11:23:48.651+02:00  INFO 18028 --- [           main] o.apache.catalina.core.StandardEngine    : Starting Servlet engine: [Apache Tomcat/10.1.31]
2026-04-26T11:23:48.661+02:00  INFO 18028 --- [           main] o.a.c.c.C.[Tomcat].[localhost].[/]       : Initializing Spring embedded WebApplicationContext
2026-04-26T11:23:48.661+02:00  INFO 18028 --- [           main] w.s.c.ServletWebServerApplicationContext : Root WebApplicationContext: initialization completed in 254 ms
2026-04-26T11:23:48.682+02:00  INFO 18028 --- [           main] com.zaxxer.hikari.HikariDataSource       : HikariPool-9 - Starting...
2026-04-26T11:23:48.687+02:00  INFO 18028 --- [           main] com.zaxxer.hikari.pool.HikariPool        : HikariPool-9 - Added connection conn80: url=jdbc:h2:mem:dcbapp user=SA
2026-04-26T11:23:48.687+02:00  INFO 18028 --- [           main] com.zaxxer.hikari.HikariDataSource       : HikariPool-9 - Start completed.
2026-04-26T11:23:48.687+02:00  INFO 18028 --- [           main] o.s.b.a.h2.H2ConsoleAutoConfiguration    : H2 console available at '/h2-console'. Database available at 'jdbc:h2:mem:dcbapp'
2026-04-26T11:23:48.708+02:00  INFO 18028 --- [           main] o.hibernate.jpa.internal.util.LogHelper  : HHH000204: Processing PersistenceUnitInfo [name: default]
2026-04-26T11:23:48.709+02:00  INFO 18028 --- [           main] o.h.c.internal.RegionFactoryInitiator    : HHH000026: Second-level cache disabled
2026-04-26T11:23:48.718+02:00  INFO 18028 --- [           main] o.s.o.j.p.SpringPersistenceUnitInfo      : No LoadTimeWeaver setup: ignoring JPA class transformer
2026-04-26T11:23:48.720+02:00  WARN 18028 --- [           main] org.hibernate.orm.deprecation            : HHH90000025: H2Dialect does not need to be specified explicitly using 'hibernate.dialect' (remove the property setting and it will be selected by default)
2026-04-26T11:23:48.785+02:00  INFO 18028 --- [           main] o.h.e.t.j.p.i.JtaPlatformInitiator       : HHH000489: No JTA platform available (set 'hibernate.transaction.jta.platform' to enable JTA platform integration)
2026-04-26T11:23:48.791+02:00  INFO 18028 --- [           main] j.LocalContainerEntityManagerFactoryBean : Initialized JPA EntityManagerFactory for persistence unit 'default'
2026-04-26T11:23:48.847+02:00  WARN 18028 --- [           main] JpaBaseConfiguration$JpaWebConfiguration : spring.jpa.open-in-view is enabled by default. Therefore, database queries may be performed during view rendering. Explicitly configure spring.jpa.open-in-view to disable this warning
2026-04-26T11:23:49.026+02:00  INFO 18028 --- [           main] o.s.b.w.embedded.tomcat.TomcatWebServer  : Tomcat started on port 42111 (http) with context path '/'
2026-04-26T11:23:49.030+02:00  INFO 18028 --- [           main] e.u.i.d.tutorialtesting.AplicacionTests  : Started AplicacionTests in 0.662 seconds (process running for 24.101)
2026-04-26T11:23:49.055+02:00  INFO 18028 --- [o-auto-9-exec-1] o.a.c.c.C.[Tomcat].[localhost].[/]       : Initializing Spring DispatcherServlet 'dispatcherServlet'
2026-04-26T11:23:49.056+02:00  INFO 18028 --- [o-auto-9-exec-1] o.s.web.servlet.DispatcherServlet        : Initializing Servlet 'dispatcherServlet'
2026-04-26T11:23:49.058+02:00  INFO 18028 --- [o-auto-9-exec-1] o.s.web.servlet.DispatcherServlet        : Completed initialization in 2 ms
2026-04-26T11:23:49.082+02:00  INFO 18028 --- [           main] j.LocalContainerEntityManagerFactoryBean : Closing JPA EntityManagerFactory for persistence unit 'default'
2026-04-26T11:23:49.085+02:00  INFO 18028 --- [           main] com.zaxxer.hikari.HikariDataSource       : HikariPool-9 - Shutdown initiated...
2026-04-26T11:23:49.086+02:00  INFO 18028 --- [           main] com.zaxxer.hikari.HikariDataSource       : HikariPool-9 - Shutdown completed.
]]></system-out>
  </testcase>
  <testcase name="devuelveLista" classname="es.uma.informatica.daw.tutorialtesting.AplicacionTests$ListaVacia" time="0.116">
    <system-out><![CDATA[
  .   ____          _            __ _ _
 /\\ / ___'_ __ _ _(_)_ __  __ _ \ \ \ \
( ( )\___ | '_ | '_| | '_ \/ _` | \ \ \ \
 \\/  ___)| |_)| | | | | || (_| |  ) ) ) )
  '  |____| .__|_| |_|_| |_\__, | / / / /
 =========|_|==============|___/=/_/_/_/

 :: Spring Boot ::                (v3.3.5)

2026-04-26T11:23:49.120+02:00  INFO 18028 --- [           main] e.u.i.d.tutorialtesting.AplicacionTests  : Starting AplicacionTests using Java 22.0.2 with PID 18028 (started by ivan in /home/ivan/Documents/3o/DAW/clase/planificacion/solucion)
2026-04-26T11:23:49.121+02:00  INFO 18028 --- [           main] e.u.i.d.tutorialtesting.AplicacionTests  : No active profile set, falling back to 1 default profile: "default"
2026-04-26T11:23:49.293+02:00  INFO 18028 --- [           main] .s.d.r.c.RepositoryConfigurationDelegate : Bootstrapping Spring Data JPA repositories in DEFAULT mode.
2026-04-26T11:23:49.300+02:00  INFO 18028 --- [           main] .s.d.r.c.RepositoryConfigurationDelegate : Finished Spring Data repository scanning in 6 ms. Found 1 JPA repository interface.
2026-04-26T11:23:49.382+02:00  INFO 18028 --- [           main] o.s.b.w.embedded.tomcat.TomcatWebServer  : Tomcat initialized with port 0 (http)
2026-04-26T11:23:49.384+02:00  INFO 18028 --- [           main] o.apache.catalina.core.StandardService   : Starting service [Tomcat]
2026-04-26T11:23:49.384+02:00  INFO 18028 --- [           main] o.apache.catalina.core.StandardEngine    : Starting Servlet engine: [Apache Tomcat/10.1.31]
2026-04-26T11:23:49.396+02:00  INFO 18028 --- [           main] o.a.c.c.C.[Tomcat].[localhost].[/]       : Initializing Spring embedded WebApplicationContext
2026-04-26T11:23:49.396+02:00  INFO 18028 --- [           main] w.s.c.ServletWebServerApplicationContext : Root WebApplicationContext: initialization completed in 273 ms
2026-04-26T11:23:49.410+02:00  INFO 18028 --- [           main] com.zaxxer.hikari.HikariDataSource       : HikariPool-10 - Starting...
2026-04-26T11:23:49.414+02:00  INFO 18028 --- [           main] com.zaxxer.hikari.pool.HikariPool        : HikariPool-10 - Added connection conn90: url=jdbc:h2:mem:dcbapp user=SA
2026-04-26T11:23:49.414+02:00  INFO 18028 --- [           main] com.zaxxer.hikari.HikariDataSource       : HikariPool-10 - Start completed.
2026-04-26T11:23:49.414+02:00  INFO 18028 --- [           main] o.s.b.a.h2.H2ConsoleAutoConfiguration    : H2 console available at '/h2-console'. Database available at 'jdbc:h2:mem:dcbapp'
2026-04-26T11:23:49.439+02:00  INFO 18028 --- [           main] o.hibernate.jpa.internal.util.LogHelper  : HHH000204: Processing PersistenceUnitInfo [name: default]
2026-04-26T11:23:49.441+02:00  INFO 18028 --- [           main] o.h.c.internal.RegionFactoryInitiator    : HHH000026: Second-level cache disabled
2026-04-26T11:23:49.450+02:00  INFO 18028 --- [           main] o.s.o.j.p.SpringPersistenceUnitInfo      : No LoadTimeWeaver setup: ignoring JPA class transformer
2026-04-26T11:23:49.451+02:00  WARN 18028 --- [           main] org.hibernate.orm.deprecation            : HHH90000025: H2Dialect does not need to be specified explicitly using 'hibernate.dialect' (remove the property setting and it will be selected by default)
2026-04-26T11:23:49.518+02:00  INFO 18028 --- [           main] o.h.e.t.j.p.i.JtaPlatformInitiator       : HHH000489: No JTA platform available (set 'hibernate.transaction.jta.platform' to enable JTA platform integration)
2026-04-26T11:23:49.522+02:00  INFO 18028 --- [           main] j.LocalContainerEntityManagerFactoryBean : Initialized JPA EntityManagerFactory for persistence unit 'default'
2026-04-26T11:23:49.566+02:00  WARN 18028 --- [           main] JpaBaseConfiguration$JpaWebConfiguration : spring.jpa.open-in-view is enabled by default. Therefore, database queries may be performed during view rendering. Explicitly configure spring.jpa.open-in-view to disable this warning
2026-04-26T11:23:49.714+02:00  INFO 18028 --- [           main] o.s.b.w.embedded.tomcat.TomcatWebServer  : Tomcat started on port 42163 (http) with context path '/'
2026-04-26T11:23:49.718+02:00  INFO 18028 --- [           main] e.u.i.d.tutorialtesting.AplicacionTests  : Started AplicacionTests in 0.623 seconds (process running for 24.789)
2026-04-26T11:23:49.746+02:00  INFO 18028 --- [-auto-10-exec-1] o.a.c.c.C.[Tomcat].[localhost].[/]       : Initializing Spring DispatcherServlet 'dispatcherServlet'
2026-04-26T11:23:49.747+02:00  INFO 18028 --- [-auto-10-exec-1] o.s.web.servlet.DispatcherServlet        : Initializing Servlet 'dispatcherServlet'
2026-04-26T11:23:49.749+02:00  INFO 18028 --- [-auto-10-exec-1] o.s.web.servlet.DispatcherServlet        : Completed initialization in 2 ms
2026-04-26T11:23:49.796+02:00  INFO 18028 --- [           main] j.LocalContainerEntityManagerFactoryBean : Closing JPA EntityManagerFactory for persistence unit 'default'
2026-04-26T11:23:49.800+02:00  INFO 18028 --- [           main] com.zaxxer.hikari.HikariDataSource       : HikariPool-10 - Shutdown initiated...
2026-04-26T11:23:49.829+02:00  INFO 18028 --- [           main] com.zaxxer.hikari.HikariDataSource       : HikariPool-10 - Shutdown completed.
]]></system-out>
  </testcase>
  <testcase name="insertaProyecto" classname="es.uma.informatica.daw.tutorialtesting.AplicacionTests$ListaVacia" time="0.068">
    <system-out><![CDATA[
  .   ____          _            __ _ _
 /\\ / ___'_ __ _ _(_)_ __  __ _ \ \ \ \
( ( )\___ | '_ | '_| | '_ \/ _` | \ \ \ \
 \\/  ___)| |_)| | | | | || (_| |  ) ) ) )
  '  |____| .__|_| |_|_| |_\__, | / / / /
 =========|_|==============|___/=/_/_/_/

 :: Spring Boot ::                (v3.3.5)

2026-04-26T11:23:49.878+02:00  INFO 18028 --- [           main] e.u.i.d.tutorialtesting.AplicacionTests  : Starting AplicacionTests using Java 22.0.2 with PID 18028 (started by ivan in /home/ivan/Documents/3o/DAW/clase/planificacion/solucion)
2026-04-26T11:23:49.879+02:00  INFO 18028 --- [           main] e.u.i.d.tutorialtesting.AplicacionTests  : No active profile set, falling back to 1 default profile: "default"
2026-04-26T11:23:49.993+02:00  INFO 18028 --- [           main] .s.d.r.c.RepositoryConfigurationDelegate : Bootstrapping Spring Data JPA repositories in DEFAULT mode.
2026-04-26T11:23:49.999+02:00  INFO 18028 --- [           main] .s.d.r.c.RepositoryConfigurationDelegate : Finished Spring Data repository scanning in 5 ms. Found 1 JPA repository interface.
2026-04-26T11:23:50.074+02:00  INFO 18028 --- [           main] o.s.b.w.embedded.tomcat.TomcatWebServer  : Tomcat initialized with port 0 (http)
2026-04-26T11:23:50.076+02:00  INFO 18028 --- [           main] o.apache.catalina.core.StandardService   : Starting service [Tomcat]
2026-04-26T11:23:50.077+02:00  INFO 18028 --- [           main] o.apache.catalina.core.StandardEngine    : Starting Servlet engine: [Apache Tomcat/10.1.31]
2026-04-26T11:23:50.090+02:00  INFO 18028 --- [           main] o.a.c.c.C.[Tomcat].[localhost].[/]       : Initializing Spring embedded WebApplicationContext
2026-04-26T11:23:50.091+02:00  INFO 18028 --- [           main] w.s.c.ServletWebServerApplicationContext : Root WebApplicationContext: initialization completed in 210 ms
2026-04-26T11:23:50.106+02:00  INFO 18028 --- [           main] com.zaxxer.hikari.HikariDataSource       : HikariPool-11 - Starting...
2026-04-26T11:23:50.110+02:00  INFO 18028 --- [           main] com.zaxxer.hikari.pool.HikariPool        : HikariPool-11 - Added connection conn100: url=jdbc:h2:mem:dcbapp user=SA
2026-04-26T11:23:50.111+02:00  INFO 18028 --- [           main] com.zaxxer.hikari.HikariDataSource       : HikariPool-11 - Start completed.
2026-04-26T11:23:50.111+02:00  INFO 18028 --- [           main] o.s.b.a.h2.H2ConsoleAutoConfiguration    : H2 console available at '/h2-console'. Database available at 'jdbc:h2:mem:dcbapp'
2026-04-26T11:23:50.148+02:00  INFO 18028 --- [           main] o.hibernate.jpa.internal.util.LogHelper  : HHH000204: Processing PersistenceUnitInfo [name: default]
2026-04-26T11:23:50.150+02:00  INFO 18028 --- [           main] o.h.c.internal.RegionFactoryInitiator    : HHH000026: Second-level cache disabled
2026-04-26T11:23:50.164+02:00  INFO 18028 --- [           main] o.s.o.j.p.SpringPersistenceUnitInfo      : No LoadTimeWeaver setup: ignoring JPA class transformer
2026-04-26T11:23:50.167+02:00  WARN 18028 --- [           main] org.hibernate.orm.deprecation            : HHH90000025: H2Dialect does not need to be specified explicitly using 'hibernate.dialect' (remove the property setting and it will be selected by default)
2026-04-26T11:23:50.223+02:00  INFO 18028 --- [           main] o.h.e.t.j.p.i.JtaPlatformInitiator       : HHH000489: No JTA platform available (set 'hibernate.transaction.jta.platform' to enable JTA platform integration)
2026-04-26T11:23:50.228+02:00  INFO 18028 --- [           main] j.LocalContainerEntityManagerFactoryBean : Initialized JPA EntityManagerFactory for persistence unit 'default'
2026-04-26T11:23:50.299+02:00  WARN 18028 --- [           main] JpaBaseConfiguration$JpaWebConfiguration : spring.jpa.open-in-view is enabled by default. Therefore, database queries may be performed during view rendering. Explicitly configure spring.jpa.open-in-view to disable this warning
2026-04-26T11:23:50.420+02:00  INFO 18028 --- [           main] o.s.b.w.embedded.tomcat.TomcatWebServer  : Tomcat started on port 41929 (http) with context path '/'
2026-04-26T11:23:50.424+02:00  INFO 18028 --- [           main] e.u.i.d.tutorialtesting.AplicacionTests  : Started AplicacionTests in 0.58 seconds (process running for 25.495)
2026-04-26T11:23:50.444+02:00  INFO 18028 --- [-auto-11-exec-1] o.a.c.c.C.[Tomcat].[localhost].[/]       : Initializing Spring DispatcherServlet 'dispatcherServlet'
2026-04-26T11:23:50.444+02:00  INFO 18028 --- [-auto-11-exec-1] o.s.web.servlet.DispatcherServlet        : Initializing Servlet 'dispatcherServlet'
2026-04-26T11:23:50.446+02:00  INFO 18028 --- [-auto-11-exec-1] o.s.web.servlet.DispatcherServlet        : Completed initialization in 2 ms
2026-04-26T11:23:50.479+02:00  INFO 18028 --- [           main] j.LocalContainerEntityManagerFactoryBean : Closing JPA EntityManagerFactory for persistence unit 'default'
2026-04-26T11:23:50.482+02:00  INFO 18028 --- [           main] com.zaxxer.hikari.HikariDataSource       : HikariPool-11 - Shutdown initiated...
2026-04-26T11:23:50.491+02:00  INFO 18028 --- [           main] com.zaxxer.hikari.HikariDataSource       : HikariPool-11 - Shutdown completed.
]]></system-out>
  </testcase>
  <testcase name="devuelveErrorAlEliminarProyecto" classname="es.uma.informatica.daw.tutorialtesting.AplicacionTests$ListaVacia" time="0.051">
    <system-out><![CDATA[
  .   ____          _            __ _ _
 /\\ / ___'_ __ _ _(_)_ __  __ _ \ \ \ \
( ( )\___ | '_ | '_| | '_ \/ _` | \ \ \ \
 \\/  ___)| |_)| | | | | || (_| |  ) ) ) )
  '  |____| .__|_| |_|_| |_\__, | / / / /
 =========|_|==============|___/=/_/_/_/

 :: Spring Boot ::                (v3.3.5)

2026-04-26T11:23:50.517+02:00  INFO 18028 --- [           main] e.u.i.d.tutorialtesting.AplicacionTests  : Starting AplicacionTests using Java 22.0.2 with PID 18028 (started by ivan in /home/ivan/Documents/3o/DAW/clase/planificacion/solucion)
2026-04-26T11:23:50.518+02:00  INFO 18028 --- [           main] e.u.i.d.tutorialtesting.AplicacionTests  : No active profile set, falling back to 1 default profile: "default"
2026-04-26T11:23:50.656+02:00  INFO 18028 --- [           main] .s.d.r.c.RepositoryConfigurationDelegate : Bootstrapping Spring Data JPA repositories in DEFAULT mode.
2026-04-26T11:23:50.661+02:00  INFO 18028 --- [           main] .s.d.r.c.RepositoryConfigurationDelegate : Finished Spring Data repository scanning in 4 ms. Found 1 JPA repository interface.
2026-04-26T11:23:50.738+02:00  INFO 18028 --- [           main] o.s.b.w.embedded.tomcat.TomcatWebServer  : Tomcat initialized with port 0 (http)
2026-04-26T11:23:50.739+02:00  INFO 18028 --- [           main] o.apache.catalina.core.StandardService   : Starting service [Tomcat]
2026-04-26T11:23:50.740+02:00  INFO 18028 --- [           main] o.apache.catalina.core.StandardEngine    : Starting Servlet engine: [Apache Tomcat/10.1.31]
2026-04-26T11:23:50.753+02:00  INFO 18028 --- [           main] o.a.c.c.C.[Tomcat].[localhost].[/]       : Initializing Spring embedded WebApplicationContext
2026-04-26T11:23:50.753+02:00  INFO 18028 --- [           main] w.s.c.ServletWebServerApplicationContext : Root WebApplicationContext: initialization completed in 233 ms
2026-04-26T11:23:50.767+02:00  INFO 18028 --- [           main] com.zaxxer.hikari.HikariDataSource       : HikariPool-12 - Starting...
2026-04-26T11:23:50.772+02:00  INFO 18028 --- [           main] com.zaxxer.hikari.pool.HikariPool        : HikariPool-12 - Added connection conn110: url=jdbc:h2:mem:dcbapp user=SA
2026-04-26T11:23:50.772+02:00  INFO 18028 --- [           main] com.zaxxer.hikari.HikariDataSource       : HikariPool-12 - Start completed.
2026-04-26T11:23:50.773+02:00  INFO 18028 --- [           main] o.s.b.a.h2.H2ConsoleAutoConfiguration    : H2 console available at '/h2-console'. Database available at 'jdbc:h2:mem:dcbapp'
2026-04-26T11:23:50.802+02:00  INFO 18028 --- [           main] o.hibernate.jpa.internal.util.LogHelper  : HHH000204: Processing PersistenceUnitInfo [name: default]
2026-04-26T11:23:50.804+02:00  INFO 18028 --- [           main] o.h.c.internal.RegionFactoryInitiator    : HHH000026: Second-level cache disabled
2026-04-26T11:23:50.814+02:00  INFO 18028 --- [           main] o.s.o.j.p.SpringPersistenceUnitInfo      : No LoadTimeWeaver setup: ignoring JPA class transformer
2026-04-26T11:23:50.816+02:00  WARN 18028 --- [           main] org.hibernate.orm.deprecation            : HHH90000025: H2Dialect does not need to be specified explicitly using 'hibernate.dialect' (remove the property setting and it will be selected by default)
2026-04-26T11:23:50.878+02:00  INFO 18028 --- [           main] o.h.e.t.j.p.i.JtaPlatformInitiator       : HHH000489: No JTA platform available (set 'hibernate.transaction.jta.platform' to enable JTA platform integration)
2026-04-26T11:23:50.886+02:00  INFO 18028 --- [           main] j.LocalContainerEntityManagerFactoryBean : Initialized JPA EntityManagerFactory for persistence unit 'default'
2026-04-26T11:23:50.947+02:00  WARN 18028 --- [           main] JpaBaseConfiguration$JpaWebConfiguration : spring.jpa.open-in-view is enabled by default. Therefore, database queries may be performed during view rendering. Explicitly configure spring.jpa.open-in-view to disable this warning
2026-04-26T11:23:51.066+02:00  INFO 18028 --- [           main] o.s.b.w.embedded.tomcat.TomcatWebServer  : Tomcat started on port 43983 (http) with context path '/'
2026-04-26T11:23:51.070+02:00  INFO 18028 --- [           main] e.u.i.d.tutorialtesting.AplicacionTests  : Started AplicacionTests in 0.573 seconds (process running for 26.141)
2026-04-26T11:23:51.086+02:00  INFO 18028 --- [-auto-12-exec-1] o.a.c.c.C.[Tomcat].[localhost].[/]       : Initializing Spring DispatcherServlet 'dispatcherServlet'
2026-04-26T11:23:51.087+02:00  INFO 18028 --- [-auto-12-exec-1] o.s.web.servlet.DispatcherServlet        : Initializing Servlet 'dispatcherServlet'
2026-04-26T11:23:51.088+02:00  INFO 18028 --- [-auto-12-exec-1] o.s.web.servlet.DispatcherServlet        : Completed initialization in 1 ms
2026-04-26T11:23:51.114+02:00  INFO 18028 --- [           main] j.LocalContainerEntityManagerFactoryBean : Closing JPA EntityManagerFactory for persistence unit 'default'
2026-04-26T11:23:51.116+02:00  INFO 18028 --- [           main] com.zaxxer.hikari.HikariDataSource       : HikariPool-12 - Shutdown initiated...
2026-04-26T11:23:51.121+02:00  INFO 18028 --- [           main] com.zaxxer.hikari.HikariDataSource       : HikariPool-12 - Shutdown completed.
]]></system-out>
  </testcase>
  <testcase name="devuelveErrorAlModificarProyecto" classname="es.uma.informatica.daw.tutorialtesting.AplicacionTests$ListaVacia" time="0.068">
    <system-out><![CDATA[
  .   ____          _            __ _ _
 /\\ / ___'_ __ _ _(_)_ __  __ _ \ \ \ \
( ( )\___ | '_ | '_| | '_ \/ _` | \ \ \ \
 \\/  ___)| |_)| | | | | || (_| |  ) ) ) )
  '  |____| .__|_| |_|_| |_\__, | / / / /
 =========|_|==============|___/=/_/_/_/

 :: Spring Boot ::                (v3.3.5)

2026-04-26T11:23:51.152+02:00  INFO 18028 --- [           main] e.u.i.d.tutorialtesting.AplicacionTests  : Starting AplicacionTests using Java 22.0.2 with PID 18028 (started by ivan in /home/ivan/Documents/3o/DAW/clase/planificacion/solucion)
2026-04-26T11:23:51.152+02:00  INFO 18028 --- [           main] e.u.i.d.tutorialtesting.AplicacionTests  : No active profile set, falling back to 1 default profile: "default"
2026-04-26T11:23:51.264+02:00  INFO 18028 --- [           main] .s.d.r.c.RepositoryConfigurationDelegate : Bootstrapping Spring Data JPA repositories in DEFAULT mode.
2026-04-26T11:23:51.269+02:00  INFO 18028 --- [           main] .s.d.r.c.RepositoryConfigurationDelegate : Finished Spring Data repository scanning in 4 ms. Found 1 JPA repository interface.
2026-04-26T11:23:51.330+02:00  INFO 18028 --- [           main] o.s.b.w.embedded.tomcat.TomcatWebServer  : Tomcat initialized with port 0 (http)
2026-04-26T11:23:51.331+02:00  INFO 18028 --- [           main] o.apache.catalina.core.StandardService   : Starting service [Tomcat]
2026-04-26T11:23:51.331+02:00  INFO 18028 --- [           main] o.apache.catalina.core.StandardEngine    : Starting Servlet engine: [Apache Tomcat/10.1.31]
2026-04-26T11:23:51.341+02:00  INFO 18028 --- [           main] o.a.c.c.C.[Tomcat].[localhost].[/]       : Initializing Spring embedded WebApplicationContext
2026-04-26T11:23:51.342+02:00  INFO 18028 --- [           main] w.s.c.ServletWebServerApplicationContext : Root WebApplicationContext: initialization completed in 188 ms
2026-04-26T11:23:51.352+02:00  INFO 18028 --- [           main] com.zaxxer.hikari.HikariDataSource       : HikariPool-13 - Starting...
2026-04-26T11:23:51.356+02:00  INFO 18028 --- [           main] com.zaxxer.hikari.pool.HikariPool        : HikariPool-13 - Added connection conn119: url=jdbc:h2:mem:dcbapp user=SA
2026-04-26T11:23:51.356+02:00  INFO 18028 --- [           main] com.zaxxer.hikari.HikariDataSource       : HikariPool-13 - Start completed.
2026-04-26T11:23:51.356+02:00  INFO 18028 --- [           main] o.s.b.a.h2.H2ConsoleAutoConfiguration    : H2 console available at '/h2-console'. Database available at 'jdbc:h2:mem:dcbapp'
2026-04-26T11:23:51.387+02:00  INFO 18028 --- [           main] o.hibernate.jpa.internal.util.LogHelper  : HHH000204: Processing PersistenceUnitInfo [name: default]
2026-04-26T11:23:51.389+02:00  INFO 18028 --- [           main] o.h.c.internal.RegionFactoryInitiator    : HHH000026: Second-level cache disabled
2026-04-26T11:23:51.400+02:00  INFO 18028 --- [           main] o.s.o.j.p.SpringPersistenceUnitInfo      : No LoadTimeWeaver setup: ignoring JPA class transformer
2026-04-26T11:23:51.402+02:00  WARN 18028 --- [           main] org.hibernate.orm.deprecation            : HHH90000025: H2Dialect does not need to be specified explicitly using 'hibernate.dialect' (remove the property setting and it will be selected by default)
2026-04-26T11:23:51.456+02:00  INFO 18028 --- [           main] o.h.e.t.j.p.i.JtaPlatformInitiator       : HHH000489: No JTA platform available (set 'hibernate.transaction.jta.platform' to enable JTA platform integration)
2026-04-26T11:23:51.462+02:00  INFO 18028 --- [           main] j.LocalContainerEntityManagerFactoryBean : Initialized JPA EntityManagerFactory for persistence unit 'default'
2026-04-26T11:23:51.519+02:00  WARN 18028 --- [           main] JpaBaseConfiguration$JpaWebConfiguration : spring.jpa.open-in-view is enabled by default. Therefore, database queries may be performed during view rendering. Explicitly configure spring.jpa.open-in-view to disable this warning
2026-04-26T11:23:51.667+02:00  INFO 18028 --- [           main] o.s.b.w.embedded.tomcat.TomcatWebServer  : Tomcat started on port 37135 (http) with context path '/'
2026-04-26T11:23:51.670+02:00  INFO 18028 --- [           main] e.u.i.d.tutorialtesting.AplicacionTests  : Started AplicacionTests in 0.542 seconds (process running for 26.741)
2026-04-26T11:23:51.691+02:00  INFO 18028 --- [-auto-13-exec-1] o.a.c.c.C.[Tomcat].[localhost].[/]       : Initializing Spring DispatcherServlet 'dispatcherServlet'
2026-04-26T11:23:51.691+02:00  INFO 18028 --- [-auto-13-exec-1] o.s.web.servlet.DispatcherServlet        : Initializing Servlet 'dispatcherServlet'
2026-04-26T11:23:51.693+02:00  INFO 18028 --- [-auto-13-exec-1] o.s.web.servlet.DispatcherServlet        : Completed initialization in 2 ms
2026-04-26T11:23:51.719+02:00  INFO 18028 --- [           main] j.LocalContainerEntityManagerFactoryBean : Closing JPA EntityManagerFactory for persistence unit 'default'
2026-04-26T11:23:51.722+02:00  INFO 18028 --- [           main] com.zaxxer.hikari.HikariDataSource       : HikariPool-13 - Shutdown initiated...
2026-04-26T11:23:51.738+02:00  INFO 18028 --- [           main] com.zaxxer.hikari.HikariDataSource       : HikariPool-13 - Shutdown completed.
]]></system-out>
  </testcase>
</testsuite>